\BOOKMARK [0][-]{chapter.18}{\376\377\000T\000e\000m\000p\000e\000r\000a\000t\000u\000r\000e\000,\000\040\000H\000e\000a\000t\000,\000\040\000a\000n\000d\000\040\000t\000h\000e\000\040\000F\000i\000r\000s\000t\000\040\000L\000a\000w\000\040\000o\000f\000\040\000T\000h\000e\000r\000m\000o\000d\000y\000n\000a\000m\000i\000c\000s}{}% 1
\BOOKMARK [1][-]{section.18.1}{\376\377\000T\000e\000m\000p\000e\000r\000a\000t\000u\000r\000e}{chapter.18}% 2
\BOOKMARK [1][-]{section.18.2}{\376\377\000T\000h\000e\000\040\000C\000e\000l\000s\000i\000u\000s\000\040\000a\000n\000d\000\040\000F\000a\000h\000r\000e\000n\000h\000e\000i\000t\000\040\000S\000c\000a\000l\000e\000s}{chapter.18}% 3
\BOOKMARK [1][-]{section.18.3}{\376\377\000T\000h\000e\000r\000m\000a\000l\000\040\000E\000x\000p\000a\000n\000s\000i\000o\000n}{chapter.18}% 4
\BOOKMARK [1][-]{section.18.4}{\376\377\000A\000b\000s\000o\000r\000p\000t\000i\000o\000n\000\040\000o\000f\000\040\000H\000e\000a\000t}{chapter.18}% 5
\BOOKMARK [1][-]{section.18.5}{\376\377\000T\000h\000e\000\040\000F\000i\000r\000s\000t\000\040\000L\000a\000w\000\040\000o\000f\000\040\000T\000h\000e\000r\000m\000o\000d\000y\000n\000a\000m\000i\000c\000s}{chapter.18}% 6
\BOOKMARK [1][-]{section.18.6}{\376\377\000H\000e\000a\000t\000\040\000T\000r\000a\000n\000s\000f\000e\000r\000\040\000M\000e\000c\000h\000a\000n\000i\000s\000m\000s}{chapter.18}% 7
\BOOKMARK [0][-]{chapter.19}{\376\377\000T\000h\000e\000\040\000K\000i\000n\000e\000t\000i\000c\000\040\000T\000h\000e\000o\000r\000y\000\040\000o\000f\000\040\000G\000a\000s\000e\000s}{}% 8
\BOOKMARK [1][-]{section.19.1}{\376\377\000A\000v\000o\000g\000a\000d\000r\000o\000'\000s\000\040\000N\000u\000m\000b\000e\000r}{chapter.19}% 9
\BOOKMARK [1][-]{section.19.2}{\376\377\000I\000d\000e\000a\000l\000\040\000G\000a\000s\000e\000s}{chapter.19}% 10
\BOOKMARK [1][-]{section.19.3}{\376\377\000P\000r\000e\000s\000s\000u\000r\000e\000,\000\040\000T\000e\000m\000p\000e\000r\000a\000t\000u\000r\000e\000,\000\040\000a\000n\000d\000\040\000R\000M\000S\000\040\000S\000p\000e\000e\000d}{chapter.19}% 11
\BOOKMARK [1][-]{section.19.4}{\376\377\000T\000r\000a\000n\000s\000l\000a\000t\000i\000o\000n\000a\000l\000\040\000K\000i\000n\000e\000t\000i\000c\000\040\000E\000n\000e\000r\000g\000y}{chapter.19}% 12
\BOOKMARK [1][-]{section.19.5}{\376\377\000M\000e\000a\000n\000\040\000F\000r\000e\000e\000\040\000P\000a\000t\000h}{chapter.19}% 13
\BOOKMARK [1][-]{section.19.6}{\376\377\000T\000h\000e\000\040\000D\000i\000s\000t\000r\000i\000b\000u\000t\000i\000o\000n\000\040\000o\000f\000\040\000M\000o\000l\000e\000c\000u\000l\000a\000r\000\040\000S\000p\000e\000e\000d\000s}{chapter.19}% 14
\BOOKMARK [1][-]{section.19.7}{\376\377\000T\000h\000e\000\040\000M\000o\000l\000a\000r\000\040\000S\000p\000e\000c\000i\000f\000i\000c\000\040\000H\000e\000a\000t\000s\000\040\000o\000f\000\040\000a\000n\000\040\000I\000d\000e\000a\000l\000\040\000G\000a\000s}{chapter.19}% 15
\BOOKMARK [1][-]{section.19.8}{\376\377\000D\000e\000g\000r\000e\000e\000s\000\040\000o\000f\000\040\000F\000r\000e\000e\000d\000o\000m\000\040\000a\000n\000d\000\040\000M\000o\000l\000a\000r\000\040\000S\000p\000e\000c\000i\000f\000i\000c\000\040\000H\000e\000a\000t\000s}{chapter.19}% 16
\BOOKMARK [1][-]{section.19.9}{\376\377\000T\000h\000e\000\040\000A\000d\000i\000a\000b\000a\000t\000i\000c\000\040\000E\000x\000p\000a\000n\000s\000i\000o\000n\000\040\000o\000f\000\040\000a\000n\000\040\000I\000d\000e\000a\000l\000\040\000G\000a\000s}{chapter.19}% 17
\BOOKMARK [0][-]{chapter.20}{\376\377\000E\000n\000t\000r\000o\000p\000y\000\040\000a\000n\000d\000\040\000t\000h\000e\000\040\000S\000e\000c\000o\000n\000d\000\040\000L\000a\000w\000\040\000o\000f\000\040\000T\000h\000e\000r\000m\000o\000d\000y\000n\000a\000m\000i\000c\000s}{}% 18
\BOOKMARK [1][-]{section.20.1}{\376\377\000E\000n\000t\000r\000o\000p\000y}{chapter.20}% 19
\BOOKMARK [1][-]{section.20.2}{\376\377\000E\000n\000t\000r\000o\000p\000y\000\040\000i\000n\000\040\000t\000h\000e\000\040\000R\000e\000a\000l\000\040\000W\000o\000r\000l\000d\000:\000\040\000E\000n\000g\000i\000n\000e\000s}{chapter.20}% 20
\BOOKMARK [1][-]{section.20.3}{\376\377\000R\000e\000f\000r\000i\000g\000e\000r\000a\000t\000o\000r\000s\000\040\000a\000n\000d\000\040\000R\000e\000a\000l\000\040\000E\000n\000g\000i\000n\000e\000s}{chapter.20}% 21
\BOOKMARK [1][-]{section.20.4}{\376\377\000A\000\040\000S\000t\000a\000t\000i\000s\000t\000i\000c\000a\000l\000\040\000V\000i\000e\000w\000\040\000o\000f\000\040\000E\000n\000t\000r\000o\000p\000y}{chapter.20}% 22
