This is LuaHBTeX, Version 1.22.0 (TeX Live 2025)  (format=lualatex 2025.6.17)  15 AUG 2025 15:34
 restricted system commands enabled.
 file:line:error style messages enabled.
**"d:/seoldrive/git/latex/book/principles of physics/main/main"
("d:/seoldrive/git/latex/book/principles of physics/main/main.tex"
LaTeX2e <2025-06-01> patch level 1
L3 programming layer <2025-05-26>
Lua module: luaotfload 2024-12-03 v3.29 Lua based OpenType font support
Lua module: lualibs 2023-07-13 v2.76 ConTeXt Lua standard libraries.
Lua module: lualibs-extended 2023-07-13 v2.76 ConTeXt Lua libraries -- extended collection.
luaotfload | conf : Root cache directory is "C:/Users/seolpc/.texlive2025/texmf-var/luatex-cache/generic/names".
luaotfload | init : Loading fontloader "fontloader-2023-12-28.lua" from kpse-resolved path "c:/Program Files/texlive/2025/texmf-dist/tex/luatex/luaotfload/fontloader-2023-12-28.lua".
Lua-only attribute luaotfload@noligature = 1
luaotfload | init : Context OpenType loader version 3.134
Inserting `luaotfload.node_processor' in `pre_linebreak_filter'.
Inserting `luaotfload.node_processor' in `hpack_filter'.
Inserting `luaotfload.glyph_stream' in `glyph_stream_provider'.
Inserting `luaotfload.define_font' in `define_font'.
Lua-only attribute luaotfload_color_attribute = 2
luaotfload | conf : Root cache directory is "C:/Users/seolpc/.texlive2025/texmf-var/luatex-cache/generic/names".
Inserting `luaotfload.harf.strip_prefix' in `find_opentype_file'.
Inserting `luaotfload.harf.strip_prefix' in `find_truetype_file'.
Removing  `luaotfload.glyph_stream' from `glyph_stream_provider'.
Inserting `luaotfload.harf.glyphstream' in `glyph_stream_provider'.
Inserting `luaotfload.harf.finalize_vlist' in `post_linebreak_filter'.
Inserting `luaotfload.harf.finalize_hlist' in `hpack_filter'.
Inserting `luaotfload.cleanup_files' in `wrapup_run'.
Inserting `luaotfload.harf.finalize_unicode' in `finish_pdffile'.
Inserting `luaotfload.glyphinfo' in `glyph_info'.
Lua-only attribute luaotfload.letterspace_done = 3
Inserting `luaotfload.aux.set_sscale_dimens' in `luaotfload.patch_font'.
Inserting `luaotfload.aux.set_font_index' in `luaotfload.patch_font'.
Inserting `luaotfload.aux.patch_cambria_domh' in `luaotfload.patch_font'.
Inserting `luaotfload.aux.fixup_fontdata' in `luaotfload.patch_font_unsafe'.
Inserting `luaotfload.aux.set_capheight' in `luaotfload.patch_font'.
Inserting `luaotfload.aux.set_xheight' in `luaotfload.patch_font'.
Inserting `luaotfload.rewrite_fontname' in `luaotfload.patch_font'.
Inserting `tracingstacklevels' in `input_level_string'. ("c:/Program Files/texlive/2025/texmf-dist/tex/latex/base/book.cls"
Document Class: book 2025/01/22 v1.4n Standard LaTeX document class
("c:/Program Files/texlive/2025/texmf-dist/tex/latex/base/bk10.clo"
File: bk10.clo 2025/01/22 v1.4n Standard LaTeX file (size option)
luaotfload | db : Font names database loaded from C:/Users/seolpc/.texlive2025/texmf-var/luatex-cache/generic/names/luaotfload-names.luc.gz)
\c@part=\count273
\c@chapter=\count274
\c@section=\count275
\c@subsection=\count276
\c@subsubsection=\count277
\c@paragraph=\count278
\c@subparagraph=\count279
\c@figure=\count280
\c@table=\count281
\abovecaptionskip=\skip49
\belowcaptionskip=\skip50
\bibindent=\dimen147
) (../../structure/preamble.tex (../../structure/package.sty ("c:/Program Files/texlive/2025/texmf-dist/tex/latex/l3packages/xparse/xparse.sty" ("c:/Program Files/texlive/2025/texmf-dist/tex/latex/l3kernel/expl3.sty"
Package: expl3 2025-05-26 L3 programming layer (loader) 
 ("c:/Program Files/texlive/2025/texmf-dist/tex/latex/l3backend/l3backend-luatex.def"
File: l3backend-luatex.def 2025-04-14 L3 backend support: PDF output (LuaTeX)
\l__color_backend_stack_int=\count282
Inserting `l3color' in `luaotfload.parse_color'.))
Package: xparse 2024-08-16 L3 Experimental document command parser
) ("c:/Program Files/texlive/2025/texmf-dist/tex/latex/hyperref/hyperref.sty"
Package: hyperref 2025-05-20 v7.01m Hypertext links for LaTeX
 ("c:/Program Files/texlive/2025/texmf-dist/tex/generic/iftex/iftex.sty"
Package: iftex 2024/12/12 v1.0g TeX engine tests
) ("c:/Program Files/texlive/2025/texmf-dist/tex/latex/graphics/keyval.sty"
Package: keyval 2022/05/29 v1.15 key=value parser (DPC)
\KV@toks@=\toks17
) ("c:/Program Files/texlive/2025/texmf-dist/tex/latex/kvsetkeys/kvsetkeys.sty"
Package: kvsetkeys 2022-10-05 v1.19 Key value parser (HO)
) ("c:/Program Files/texlive/2025/texmf-dist/tex/generic/kvdefinekeys/kvdefinekeys.sty"
Package: kvdefinekeys 2019-12-19 v1.6 Define keys (HO)
) ("c:/Program Files/texlive/2025/texmf-dist/tex/generic/pdfescape/pdfescape.sty"
Package: pdfescape 2019/12/09 v1.15 Implements pdfTeX's escape features (HO)
 ("c:/Program Files/texlive/2025/texmf-dist/tex/generic/ltxcmds/ltxcmds.sty"
Package: ltxcmds 2023-12-04 v1.26 LaTeX kernel commands for general use (HO)
) ("c:/Program Files/texlive/2025/texmf-dist/tex/generic/pdftexcmds/pdftexcmds.sty"
Package: pdftexcmds 2020-06-27 v0.33 Utility functions of pdfTeX for LuaTeX (HO)
 ("c:/Program Files/texlive/2025/texmf-dist/tex/generic/infwarerr/infwarerr.sty"
Package: infwarerr 2019/12/03 v1.5 Providing info/warning/error messages (HO)
)
Package pdftexcmds Info: \pdf@primitive is available.
Package pdftexcmds Info: \pdf@ifprimitive is available.
Package pdftexcmds Info: \pdfdraftmode found.
\pdftexcmds@toks=\toks18
)) ("c:/Program Files/texlive/2025/texmf-dist/tex/latex/hycolor/hycolor.sty"
Package: hycolor 2020-01-27 v1.10 Color options for hyperref/bookmark (HO)
) ("c:/Program Files/texlive/2025/texmf-dist/tex/latex/hyperref/nameref.sty"
Package: nameref 2023-11-26 v2.56 Cross-referencing by name of section
 ("c:/Program Files/texlive/2025/texmf-dist/tex/latex/refcount/refcount.sty"
Package: refcount 2019/12/15 v3.6 Data extraction from label references (HO)
) ("c:/Program Files/texlive/2025/texmf-dist/tex/generic/gettitlestring/gettitlestring.sty"
Package: gettitlestring 2019/12/15 v1.6 Cleanup title references (HO)
 ("c:/Program Files/texlive/2025/texmf-dist/tex/latex/kvoptions/kvoptions.sty"
Package: kvoptions 2022-06-15 v3.15 Key value format for package options (HO)
))
\c@section@level=\count283
) ("c:/Program Files/texlive/2025/texmf-dist/tex/latex/etoolbox/etoolbox.sty"
Package: etoolbox 2025/02/11 v2.5l e-TeX tools for LaTeX (JAW)
\etb@tempcnta=\count284
) ("c:/Program Files/texlive/2025/texmf-dist/tex/generic/stringenc/stringenc.sty"
Package: stringenc 2019/11/29 v1.12 Convert strings between diff. encodings (HO)
)
\@linkdim=\dimen148
\Hy@linkcounter=\count285
\Hy@pagecounter=\count286
 ("c:/Program Files/texlive/2025/texmf-dist/tex/latex/hyperref/pd1enc.def"
File: pd1enc.def 2025-05-20 v7.01m Hyperref: PDFDocEncoding definition (HO)
) ("c:/Program Files/texlive/2025/texmf-dist/tex/generic/intcalc/intcalc.sty"
Package: intcalc 2019/12/15 v1.3 Expandable calculations with integers (HO)
)
\Hy@SavedSpaceFactor=\count287
 ("c:/Program Files/texlive/2025/texmf-dist/tex/latex/hyperref/puenc.def"
File: puenc.def 2025-05-20 v7.01m Hyperref: PDF Unicode definition (HO)
)
Package hyperref Info: Hyper figures OFF on input line 4157.
Package hyperref Info: Link nesting OFF on input line 4162.
Package hyperref Info: Hyper index ON on input line 4165.
Package hyperref Info: Plain pages OFF on input line 4172.
Package hyperref Info: Backreferencing OFF on input line 4177.
Package hyperref Info: Implicit mode ON; LaTeX internals redefined.
Package hyperref Info: Bookmarks ON on input line 4424.
\c@Hy@tempcnt=\count288
 ("c:/Program Files/texlive/2025/texmf-dist/tex/latex/url/url.sty"
\Urlmuskip=\muskip17
Package: url 2013/09/16  ver 3.4  Verb mode for urls, etc.
)
LaTeX Info: Redefining \url on input line 4763.
\XeTeXLinkMargin=\dimen149
 ("c:/Program Files/texlive/2025/texmf-dist/tex/generic/bitset/bitset.sty"
Package: bitset 2019/12/09 v1.3 Handle bit-vector datatype (HO)
 ("c:/Program Files/texlive/2025/texmf-dist/tex/generic/bigintcalc/bigintcalc.sty"
Package: bigintcalc 2019/12/15 v1.5 Expandable calculations on big integers (HO)
))
\Fld@menulength=\count289
\Field@Width=\dimen150
\Fld@charsize=\dimen151
Package hyperref Info: Hyper figures OFF on input line 6042.
Package hyperref Info: Link nesting OFF on input line 6047.
Package hyperref Info: Hyper index ON on input line 6050.
Package hyperref Info: backreferencing OFF on input line 6057.
Package hyperref Info: Link coloring OFF on input line 6062.
Package hyperref Info: Link coloring with OCG OFF on input line 6067.
Package hyperref Info: PDF/A mode OFF on input line 6072.
 ("c:/Program Files/texlive/2025/texmf-dist/tex/latex/base/atbegshi-ltx.sty"
Package: atbegshi-ltx 2021/01/10 v1.0c Emulation of the original atbegshi
package with kernel methods
)
\Hy@abspage=\count290
\c@Item=\count291
\c@Hfootnote=\count292
)
Package hyperref Info: Driver (autodetected): hluatex.
 ("c:/Program Files/texlive/2025/texmf-dist/tex/latex/hyperref/hluatex.def"
File: hluatex.def 2025-05-20 v7.01m Hyperref driver for luaTeX
 ("c:/Program Files/texlive/2025/texmf-dist/tex/latex/base/atveryend-ltx.sty"
Package: atveryend-ltx 2020/08/19 v1.0a Emulation of the original atveryend package
with kernel methods
)
\Fld@listcount=\count293
\c@bookmark@seq@number=\count294
 ("c:/Program Files/texlive/2025/texmf-dist/tex/latex/rerunfilecheck/rerunfilecheck.sty"
Package: rerunfilecheck 2022-07-10 v1.10 Rerun checks for auxiliary files (HO)
 ("c:/Program Files/texlive/2025/texmf-dist/tex/generic/uniquecounter/uniquecounter.sty"
Package: uniquecounter 2019/12/15 v1.4 Provide unlimited unique counter (HO)
)
Package uniquecounter Info: New unique counter `rerunfilecheck' on input line 285.
)
\Hy@SectionHShift=\skip51
) ("c:/Program Files/texlive/2025/texmf-dist/tex/latex/xifthen/xifthen.sty"
Package: xifthen 2015/11/05 v1.4.0 Extended ifthen features
 ("c:/Program Files/texlive/2025/texmf-dist/tex/latex/tools/calc.sty"
Package: calc 2025/03/01 v4.3b Infix arithmetic (KKT,FJ)
\calc@Acount=\count295
\calc@Bcount=\count296
\calc@Adimen=\dimen152
\calc@Bdimen=\dimen153
\calc@Askip=\skip52
\calc@Bskip=\skip53
LaTeX Info: Redefining \setlength on input line 86.
LaTeX Info: Redefining \addtolength on input line 87.
\calc@Ccount=\count297
\calc@Cskip=\skip54
) ("c:/Program Files/texlive/2025/texmf-dist/tex/latex/base/ifthen.sty"
Package: ifthen 2024/03/16 v1.1e Standard LaTeX ifthen package (DPC)
) ("c:/Program Files/texlive/2025/texmf-dist/tex/latex/ifmtarg/ifmtarg.sty"
Package: ifmtarg 2018/04/16 v1.2b check for an empty argument
)) ("c:/Program Files/texlive/2025/texmf-dist/tex/luatex/luatexko/luatexko.sty"
Package: luatexko 2025/06/14 v4.0 typesetting Korean with LuaTeX
 ("c:/Program Files/texlive/2025/texmf-dist/tex/luatex/luatexbase/luatexbase.sty"
Package: luatexbase 2015/10/04 v1.3 luatexbase interface to LuaTeX 
 ("c:/Program Files/texlive/2025/texmf-dist/tex/luatex/ctablestack/ctablestack.sty"
Package: ctablestack 2015/10/01 v1.0 Catcode table stable support
\@catcodetablestackcnt=\count298
)
\CatcodeTableOther=\catcodetable14
\CatcodeTableExpl=\catcodetable15
) ("c:/Program Files/texlive/2025/texmf-dist/tex/latex/fontspec/fontspec.sty"
Package: fontspec 2024/05/11 v2.9e Font selection for XeLaTeX and LuaLaTeX
Lua module: fontspec 2024/05/11 v2.9e Font selection for XeLaTeX and LuaLaTeX ("c:/Program Files/texlive/2025/texmf-dist/tex/latex/fontspec/fontspec-luatex.sty"
Package: fontspec-luatex 2024/05/11 v2.9e Font selection for XeLaTeX and LuaLaTeX
\l__fontspec_script_int=\count299
\l__fontspec_language_int=\count300
\l__fontspec_strnum_int=\count301
\l__fontspec_tmp_int=\count302
\l__fontspec_tmpa_int=\count303
\l__fontspec_tmpb_int=\count304
\l__fontspec_tmpc_int=\count305
\l__fontspec_em_int=\count306
\l__fontspec_emdef_int=\count307
\l__fontspec_strong_int=\count308
\l__fontspec_strongdef_int=\count309
\l__fontspec_tmpa_dim=\dimen154
\l__fontspec_tmpb_dim=\dimen155
\l__fontspec_tmpc_dim=\dimen156
 ("c:/Program Files/texlive/2025/texmf-dist/tex/latex/base/fontenc.sty"
Package: fontenc 2024/12/21 v2.1c Standard LaTeX package
) ("c:/Program Files/texlive/2025/texmf-dist/tex/latex/fontspec/fontspec.cfg")))
\koreanlanguage=\language2
\luatexkohangulfontattr=\attribute4
\luatexkohanjafontattr=\attribute5
\luatexkofallbackfontattr=\attribute6
\luatexkoautojosaattr=\attribute7
\luatexkoclassicattr=\attribute8
\luatexkodotemphattr=\attribute9
\luatexkorubyattr=\attribute10
\luatexkohangulbyhangulattr=\attribute11
\luatexkohanjabyhanjaattr=\attribute12
Lua module: luatexko 2025/06/14 v4.0 typesetting Korean with LuaTeX
Lua-only attribute luatexkounicodeattr = 13
Custom whatsit forcehf = 1
Custom whatsit dotemph = 2
Custom whatsit uline = 3
Lua-only attribute luatexkoraiseattr = 14
Inserting `luatexko.hyphenate.fonts_and_languages' in `hyphenate'.
Inserting `luatexko.pre_shaping_filter' in `pre_shaping_filter'.
\josaignoreparens=\count310
\luatexkodotemphcount=\count311
\luatexkoulinecount=\count312
\luatexkorubycount=\count313
 ("c:/Program Files/texlive/2025/texmf-dist/tex/latex/cjk-ko/kolabels-utf.sty"
Package: kolabels-utf 2015/03/20 v1.5 UTF-8 Hangul item labels
)) ("c:/Program Files/texlive/2025/texmf-dist/tex/latex/xcolor/xcolor.sty"
Package: xcolor 2024/09/29 v3.02 LaTeX color extensions (UK)
 ("c:/Program Files/texlive/2025/texmf-dist/tex/latex/graphics-cfg/color.cfg"
File: color.cfg 2016/01/02 v1.6 sample color configuration
)
Package xcolor Info: Driver file: luatex.def on input line 274.
 ("c:/Program Files/texlive/2025/texmf-dist/tex/latex/graphics-def/luatex.def"
File: luatex.def 2024/04/13 v1.2e Graphics/color driver for luatex
) ("c:/Program Files/texlive/2025/texmf-dist/tex/latex/graphics/mathcolor.ltx")
Package xcolor Info: Model `cmy' substituted by `cmy0' on input line 1349.
Package xcolor Info: Model `hsb' substituted by `rgb' on input line 1353.
Package xcolor Info: Model `RGB' extended on input line 1365.
Package xcolor Info: Model `HTML' substituted by `rgb' on input line 1367.
Package xcolor Info: Model `Hsb' substituted by `hsb' on input line 1368.
Package xcolor Info: Model `tHsb' substituted by `hsb' on input line 1369.
Package xcolor Info: Model `HSB' substituted by `hsb' on input line 1370.
Package xcolor Info: Model `Gray' substituted by `gray' on input line 1371.
Package xcolor Info: Model `wave' substituted by `hsb' on input line 1372.
) ("c:/Program Files/texlive/2025/texmf-dist/tex/latex/transparent/transparent.sty"
Package: transparent 2022-10-27 v1.5 Transparency with color stacks
 ("c:/Program Files/texlive/2025/texmf-dist/tex/latex/transparent/transparent-nometadata.sty"
Package: transparent-nometadata 2022-10-27 v1.5 Transparency via pdfTeX's color stack (HO)
 ("c:/Program Files/texlive/2025/texmf-dist/tex/latex/auxhook/auxhook.sty"
Package: auxhook 2019-12-17 v1.6 Hooks for auxiliary files (HO)
))) ("c:/Program Files/texlive/2025/texmf-dist/tex/latex/luacolor/luacolor.sty"
Package: luacolor 2023-08-18 v1.18 Color support via LuaTeX's attributes (HO)
Inserting `luacolor.process' in `pre_shipout_filter'.
\LuaCol@Attribute=\attribute15
) ("c:/Program Files/texlive/2025/texmf-dist/tex/lualatex/lua-ul/lua-ul.sty"
Package: lua-ul 2024-02-26 v0.2.1 Underlining and related functionality for LuaTeX
Lua function luaul.restore_everyhbox = 29
Lua function luaul.new_underline_type = 30
Lua function luaul.set_underline_func = 31
Lua function luaul.reset_underline_func = 32
Module luatexbase Info: Uninstalling kernel luatexbase code on input line 36
Inserting `add underlines to list' in `pre_append_to_vlist_filter'.
Inserting `add underlines to list' in `hpack_filter'.
Inserting `add underlines to list' in `vpack_filter'.
Lua function sw@slant = 33
\l__luaul_top_dim=\dimen157
\l__luaul_bottom_dim=\dimen158
\l__luaul_height_dim=\dimen159
) ("c:/Program Files/texlive/2025/texmf-dist/tex/latex/graphics/graphicx.sty"
Package: graphicx 2024/12/31 v1.2e Enhanced LaTeX Graphics (DPC,SPQR)
 ("c:/Program Files/texlive/2025/texmf-dist/tex/latex/graphics/graphics.sty"
Package: graphics 2024/08/06 v1.4g Standard LaTeX Graphics (DPC,SPQR)
 ("c:/Program Files/texlive/2025/texmf-dist/tex/latex/graphics/trig.sty"
Package: trig 2023/12/02 v1.11 sin cos tan (DPC)
) ("c:/Program Files/texlive/2025/texmf-dist/tex/latex/graphics-cfg/graphics.cfg"
File: graphics.cfg 2016/06/04 v1.11 sample graphics configuration
)
Package graphics Info: Driver file: luatex.def on input line 106.
)
\Gin@req@height=\dimen160
\Gin@req@width=\dimen161
) ("c:/Program Files/texlive/2025/texmf-dist/tex/latex/caption/subcaption.sty"
Package: subcaption 2023/07/28 v1.6b Sub-captions (AR)
 ("c:/Program Files/texlive/2025/texmf-dist/tex/latex/caption/caption.sty"
Package: caption 2023/08/05 v3.6o Customizing captions (AR)
 ("c:/Program Files/texlive/2025/texmf-dist/tex/latex/caption/caption3.sty"
Package: caption3 2023/07/31 v2.4d caption3 kernel (AR)
\caption@tempdima=\dimen162
\captionmargin=\dimen163
\caption@leftmargin=\dimen164
\caption@rightmargin=\dimen165
\caption@width=\dimen166
\caption@indent=\dimen167
\caption@parindent=\dimen168
\caption@hangindent=\dimen169
Package caption Info: Standard document class detected.
)
\c@caption@flags=\count314
\c@continuedfloat=\count315
Package caption Info: hyperref package is loaded.
)
Package caption Info: New subtype `subfigure' on input line 238.
\c@subfigure=\count316
Package caption Info: New subtype `subtable' on input line 238.
\c@subtable=\count317
) ("c:/Program Files/texlive/2025/texmf-dist/tex/latex/fancyhdr/fancyhdr.sty"
Package: fancyhdr 2025/02/07 v5.2 Extensive control of page headers and footers
\f@nch@headwidth=\skip55
\f@nch@offset@elh=\skip56
\f@nch@offset@erh=\skip57
\f@nch@offset@olh=\skip58
\f@nch@offset@orh=\skip59
\f@nch@offset@elf=\skip60
\f@nch@offset@erf=\skip61
\f@nch@offset@olf=\skip62
\f@nch@offset@orf=\skip63
\f@nch@height=\skip64
\f@nch@footalignment=\skip65
\f@nch@widthL=\skip66
\f@nch@widthC=\skip67
\f@nch@widthR=\skip68
\@temptokenb=\toks19
) ("c:/Program Files/texlive/2025/texmf-dist/tex/latex/hyperref/xr-hyper.sty"
Package: xr-hyper 2025-05-20 v7.01m eXternal References (DPC)
) ("c:/Program Files/texlive/2025/texmf-dist/tex/latex/import/import.sty"
Package: import 2020/04/01  v 6.2
) ("c:/Program Files/texlive/2025/texmf-dist/tex/latex/oberdiek/aliascnt.sty"
Package: aliascnt 2018/09/07 v1.5 Alias counters (HO)
) ("c:/Program Files/texlive/2025/texmf-dist/tex/latex/amsmath/amsmath.sty"
Package: amsmath 2025/05/18 v2.17x AMS math features
\@mathmargin=\skip69

For additional information on amsmath, use the `?' option.
("c:/Program Files/texlive/2025/texmf-dist/tex/latex/amsmath/amstext.sty"
Package: amstext 2024/11/17 v2.01 AMS text
 ("c:/Program Files/texlive/2025/texmf-dist/tex/latex/amsmath/amsgen.sty"
File: amsgen.sty 1999/11/30 v2.0 generic functions
\@emptytoks=\toks20
\ex@=\dimen170
)) ("c:/Program Files/texlive/2025/texmf-dist/tex/latex/amsmath/amsbsy.sty"
Package: amsbsy 1999/11/29 v1.2d Bold Symbols
\pmbraise@=\dimen171
) ("c:/Program Files/texlive/2025/texmf-dist/tex/latex/amsmath/amsopn.sty"
Package: amsopn 2022/04/08 v2.04 operator names
)
\inf@bad=\count318
LaTeX Info: Redefining \frac on input line 235.
\uproot@=\count319
\leftroot@=\count320
LaTeX Info: Redefining \overline on input line 398.
LaTeX Info: Redefining \colon on input line 409.
\classnum@=\count321
\DOTSCASE@=\count322
LaTeX Info: Redefining \ldots on input line 495.
LaTeX Info: Redefining \dots on input line 498.
LaTeX Info: Redefining \cdots on input line 619.
\Mathstrutbox@=\box53
\strutbox@=\box54
LaTeX Info: Redefining \big on input line 721.
LaTeX Info: Redefining \Big on input line 722.
LaTeX Info: Redefining \bigg on input line 723.
LaTeX Info: Redefining \Bigg on input line 724.
\big@size=\dimen172
LaTeX Font Info:    Redeclaring font encoding OML on input line 742.
LaTeX Font Info:    Redeclaring font encoding OMS on input line 743.
\macc@depth=\count323
LaTeX Info: Redefining \bmod on input line 904.
LaTeX Info: Redefining \pmod on input line 909.
LaTeX Info: Redefining \smash on input line 939.
LaTeX Info: Redefining \relbar on input line 969.
LaTeX Info: Redefining \Relbar on input line 970.
\c@MaxMatrixCols=\count324
\dotsspace@=\muskip18
\c@parentequation=\count325
\dspbrk@lvl=\count326
\tag@help=\toks21
\row@=\count327
\column@=\count328
\maxfields@=\count329
\andhelp@=\toks22
\eqnshift@=\dimen173
\alignsep@=\dimen174
\tagshift@=\dimen175
\tagwidth@=\dimen176
\totwidth@=\dimen177
\lineht@=\dimen178
\@envbody=\toks23
\multlinegap=\skip70
\multlinetaggap=\skip71
\mathdisplay@stack=\toks24
LaTeX Info: Redefining \[ on input line 2949.
LaTeX Info: Redefining \] on input line 2950.
) ("c:/Program Files/texlive/2025/texmf-dist/tex/latex/amsfonts/amssymb.sty"
Package: amssymb 2013/01/14 v3.01 AMS font symbols
 ("c:/Program Files/texlive/2025/texmf-dist/tex/latex/amsfonts/amsfonts.sty"
Package: amsfonts 2013/01/14 v3.01 Basic AMSFonts support
\symAMSa=\mathgroup4
\symAMSb=\mathgroup5
LaTeX Font Info:    Redeclaring math symbol \hbar on input line 98.
LaTeX Font Info:    Overwriting math alphabet `\mathfrak' in version `bold'
(Font)                  U/euf/m/n --> U/euf/b/n on input line 106.
)) ("c:/Program Files/texlive/2025/texmf-dist/tex/latex/mathtools/mathtools.sty"
Package: mathtools 2024/10/04 v1.31 mathematical typesetting tools
 ("c:/Program Files/texlive/2025/texmf-dist/tex/latex/mathtools/mhsetup.sty"
Package: mhsetup 2021/03/18 v1.4 programming setup (MH)
)
\g_MT_multlinerow_int=\count330
\l_MT_multwidth_dim=\dimen179
\origjot=\skip72
\l_MT_shortvdotswithinadjustabove_dim=\dimen180
\l_MT_shortvdotswithinadjustbelow_dim=\dimen181
\l_MT_above_intertext_sep=\dimen182
\l_MT_below_intertext_sep=\dimen183
\l_MT_above_shortintertext_sep=\dimen184
\l_MT_below_shortintertext_sep=\dimen185
\xmathstrut@box=\box55
\xmathstrut@dim=\dimen186
) ("c:/Program Files/texlive/2025/texmf-dist/tex/latex/siunitx/siunitx.sty"
Package: siunitx 2025-05-22 v3.4.12 A comprehensive (SI) units package
\l__siunitx_number_uncert_offset_int=\count331
\l__siunitx_number_exponent_fixed_int=\count332
\l__siunitx_number_min_decimal_int=\count333
\l__siunitx_number_min_integer_int=\count334
\l__siunitx_number_round_precision_int=\count335
\l__siunitx_number_lower_threshold_int=\count336
\l__siunitx_number_upper_threshold_int=\count337
\l__siunitx_number_group_first_int=\count338
\l__siunitx_number_group_size_int=\count339
\l__siunitx_number_group_minimum_int=\count340
\l__siunitx_angle_tmp_dim=\dimen187
\l__siunitx_angle_marker_box=\box56
\l__siunitx_angle_unit_box=\box57
\l__siunitx_compound_count_int=\count341
 ("c:/Program Files/texlive/2025/texmf-dist/tex/latex/translations/translations.sty"
Package: translations 2022/02/05 v1.12 internationalization of LaTeX2e packages (CN)
)
\l__siunitx_table_tmp_box=\box58
\l__siunitx_table_tmp_dim=\dimen188
\l__siunitx_table_column_width_dim=\dimen189
\l__siunitx_table_integer_box=\box59
\l__siunitx_table_decimal_box=\box60
\l__siunitx_table_uncert_box=\box61
\l__siunitx_table_before_box=\box62
\l__siunitx_table_after_box=\box63
\l__siunitx_table_before_dim=\dimen190
\l__siunitx_table_carry_dim=\dimen191
\l__siunitx_unit_tmp_int=\count342
\l__siunitx_unit_position_int=\count343
\l__siunitx_unit_total_int=\count344
 ("c:/Program Files/texlive/2025/texmf-dist/tex/latex/tools/array.sty"
Package: array 2025/06/08 v2.6j Tabular extension package (FMi)
\col@sep=\dimen192
\ar@mcellbox=\box64
\extrarowheight=\dimen193
\NC@list=\toks25
\extratabsurround=\skip73
\backup@length=\skip74
\ar@cellbox=\box65
)) ("c:/Program Files/texlive/2025/texmf-dist/tex/latex/float/float.sty"
Package: float 2001/11/08 v1.3d Float enhancements (AL)
\c@float@type=\count345
\float@exts=\toks26
\float@box=\box66
\@float@everytoks=\toks27
\@floatcapt=\box67
) ("c:/Program Files/texlive/2025/texmf-dist/tex/latex/booktabs/booktabs.sty"
Package: booktabs 2020/01/12 v1.61803398 Publication quality tables
\heavyrulewidth=\dimen194
\lightrulewidth=\dimen195
\cmidrulewidth=\dimen196
\belowrulesep=\dimen197
\belowbottomsep=\dimen198
\aboverulesep=\dimen199
\abovetopsep=\dimen256
\cmidrulesep=\dimen257
\cmidrulekern=\dimen258
\defaultaddspace=\dimen259
\@cmidla=\count346
\@cmidlb=\count347
\@aboverulesep=\dimen260
\@belowrulesep=\dimen261
\@thisruleclass=\count348
\@lastruleclass=\count349
\@thisrulewidth=\dimen262
) ("c:/Program Files/texlive/2025/texmf-dist/tex/latex/tools/longtable.sty"
Package: longtable 2024-12-18 v4.23 Multi-page Table package (DPC)
\LTleft=\skip75
\LTright=\skip76
\LTpre=\skip77
\LTpost=\skip78
\LTchunksize=\count350
\LTcapwidth=\dimen263
\LT@head=\box68
\LT@firsthead=\box69
\LT@foot=\box70
\LT@lastfoot=\box71
\LT@gbox=\box72
\LT@cols=\count351
\LT@rows=\count352
\c@LT@tables=\count353
\c@LT@chunks=\count354
\LT@p@ftn=\toks28
) ("c:/Program Files/texlive/2025/texmf-dist/tex/latex/tools/tabularx.sty"
Package: tabularx 2023/12/11 v2.12a `tabularx' package (DPC)
\TX@col@width=\dimen264
\TX@old@table=\dimen265
\TX@old@col=\dimen266
\TX@target=\dimen267
\TX@delta=\dimen268
\TX@cols=\count355
\TX@ftn=\toks29
) ("c:/Program Files/texlive/2025/texmf-dist/tex/latex/multirow/multirow.sty"
Package: multirow 2024/11/12 v2.9 Span multiple rows of a table
\multirow@colwidth=\skip79
\multirow@cntb=\count356
\multirow@dima=\skip80
\bigstrutjot=\dimen269
) ("c:/Program Files/texlive/2025/texmf-dist/tex/latex/pgf/frontendlayer/tikz.sty" ("c:/Program Files/texlive/2025/texmf-dist/tex/latex/pgf/basiclayer/pgf.sty" ("c:/Program Files/texlive/2025/texmf-dist/tex/latex/pgf/utilities/pgfrcs.sty" ("c:/Program Files/texlive/2025/texmf-dist/tex/generic/pgf/utilities/pgfutil-common.tex"
\pgfutil@everybye=\toks30
\pgfutil@tempdima=\dimen270
\pgfutil@tempdimb=\dimen271
) ("c:/Program Files/texlive/2025/texmf-dist/tex/generic/pgf/utilities/pgfutil-latex.def"
\pgfutil@abb=\box73
) ("c:/Program Files/texlive/2025/texmf-dist/tex/generic/pgf/utilities/pgfrcs.code.tex" ("c:/Program Files/texlive/2025/texmf-dist/tex/generic/pgf/pgf.revision.tex")
Package: pgfrcs 2023-01-15 v3.1.10 (3.1.10)
))
Package: pgf 2023-01-15 v3.1.10 (3.1.10)
 ("c:/Program Files/texlive/2025/texmf-dist/tex/latex/pgf/basiclayer/pgfcore.sty" ("c:/Program Files/texlive/2025/texmf-dist/tex/latex/pgf/systemlayer/pgfsys.sty" ("c:/Program Files/texlive/2025/texmf-dist/tex/generic/pgf/systemlayer/pgfsys.code.tex"
Package: pgfsys 2023-01-15 v3.1.10 (3.1.10)
 ("c:/Program Files/texlive/2025/texmf-dist/tex/generic/pgf/utilities/pgfkeys.code.tex"
\pgfkeys@pathtoks=\toks31
\pgfkeys@temptoks=\toks32
 ("c:/Program Files/texlive/2025/texmf-dist/tex/generic/pgf/utilities/pgfkeyslibraryfiltered.code.tex"
\pgfkeys@tmptoks=\toks33
))
\pgf@x=\dimen272
\pgf@y=\dimen273
\pgf@xa=\dimen274
\pgf@ya=\dimen275
\pgf@xb=\dimen276
\pgf@yb=\dimen277
\pgf@xc=\dimen278
\pgf@yc=\dimen279
\pgf@xd=\dimen280
\pgf@yd=\dimen281
\w@pgf@writea=\write3
\r@pgf@reada=\read2
\c@pgf@counta=\count357
\c@pgf@countb=\count358
\c@pgf@countc=\count359
\c@pgf@countd=\count360
\t@pgf@toka=\toks34
\t@pgf@tokb=\toks35
\t@pgf@tokc=\toks36
\pgf@sys@id@count=\count361
 ("c:/Program Files/texlive/2025/texmf-dist/tex/generic/pgf/systemlayer/pgf.cfg"
File: pgf.cfg 2023-01-15 v3.1.10 (3.1.10)
)
Driver file for pgf: pgfsys-luatex.def
 ("c:/Program Files/texlive/2025/texmf-dist/tex/generic/pgf/systemlayer/pgfsys-luatex.def"
File: pgfsys-luatex.def 2023-01-15 v3.1.10 (3.1.10)
 ("c:/Program Files/texlive/2025/texmf-dist/tex/generic/pgf/systemlayer/pgfsys-common-pdf.def"
File: pgfsys-common-pdf.def 2023-01-15 v3.1.10 (3.1.10)
))) ("c:/Program Files/texlive/2025/texmf-dist/tex/generic/pgf/systemlayer/pgfsyssoftpath.code.tex"
File: pgfsyssoftpath.code.tex 2023-01-15 v3.1.10 (3.1.10)
\pgfsyssoftpath@smallbuffer@items=\count362
\pgfsyssoftpath@bigbuffer@items=\count363
) ("c:/Program Files/texlive/2025/texmf-dist/tex/generic/pgf/systemlayer/pgfsysprotocol.code.tex"
File: pgfsysprotocol.code.tex 2023-01-15 v3.1.10 (3.1.10)
)) ("c:/Program Files/texlive/2025/texmf-dist/tex/generic/pgf/basiclayer/pgfcore.code.tex"
Package: pgfcore 2023-01-15 v3.1.10 (3.1.10)
 ("c:/Program Files/texlive/2025/texmf-dist/tex/generic/pgf/math/pgfmath.code.tex" ("c:/Program Files/texlive/2025/texmf-dist/tex/generic/pgf/math/pgfmathutil.code.tex") ("c:/Program Files/texlive/2025/texmf-dist/tex/generic/pgf/math/pgfmathparser.code.tex"
\pgfmath@dimen=\dimen282
\pgfmath@count=\count364
\pgfmath@box=\box74
\pgfmath@toks=\toks37
\pgfmath@stack@operand=\toks38
\pgfmath@stack@operation=\toks39
) ("c:/Program Files/texlive/2025/texmf-dist/tex/generic/pgf/math/pgfmathfunctions.code.tex") ("c:/Program Files/texlive/2025/texmf-dist/tex/generic/pgf/math/pgfmathfunctions.basic.code.tex") ("c:/Program Files/texlive/2025/texmf-dist/tex/generic/pgf/math/pgfmathfunctions.trigonometric.code.tex") ("c:/Program Files/texlive/2025/texmf-dist/tex/generic/pgf/math/pgfmathfunctions.random.code.tex") ("c:/Program Files/texlive/2025/texmf-dist/tex/generic/pgf/math/pgfmathfunctions.comparison.code.tex") ("c:/Program Files/texlive/2025/texmf-dist/tex/generic/pgf/math/pgfmathfunctions.base.code.tex") ("c:/Program Files/texlive/2025/texmf-dist/tex/generic/pgf/math/pgfmathfunctions.round.code.tex") ("c:/Program Files/texlive/2025/texmf-dist/tex/generic/pgf/math/pgfmathfunctions.misc.code.tex") ("c:/Program Files/texlive/2025/texmf-dist/tex/generic/pgf/math/pgfmathfunctions.integerarithmetics.code.tex") ("c:/Program Files/texlive/2025/texmf-dist/tex/generic/pgf/math/pgfmathcalc.code.tex") ("c:/Program Files/texlive/2025/texmf-dist/tex/generic/pgf/math/pgfmathfloat.code.tex"
\c@pgfmathroundto@lastzeros=\count365
)) ("c:/Program Files/texlive/2025/texmf-dist/tex/generic/pgf/math/pgfint.code.tex") ("c:/Program Files/texlive/2025/texmf-dist/tex/generic/pgf/basiclayer/pgfcorepoints.code.tex"
File: pgfcorepoints.code.tex 2023-01-15 v3.1.10 (3.1.10)
\pgf@picminx=\dimen283
\pgf@picmaxx=\dimen284
\pgf@picminy=\dimen285
\pgf@picmaxy=\dimen286
\pgf@pathminx=\dimen287
\pgf@pathmaxx=\dimen288
\pgf@pathminy=\dimen289
\pgf@pathmaxy=\dimen290
\pgf@xx=\dimen291
\pgf@xy=\dimen292
\pgf@yx=\dimen293
\pgf@yy=\dimen294
\pgf@zx=\dimen295
\pgf@zy=\dimen296
) ("c:/Program Files/texlive/2025/texmf-dist/tex/generic/pgf/basiclayer/pgfcorepathconstruct.code.tex"
File: pgfcorepathconstruct.code.tex 2023-01-15 v3.1.10 (3.1.10)
\pgf@path@lastx=\dimen297
\pgf@path@lasty=\dimen298
) ("c:/Program Files/texlive/2025/texmf-dist/tex/generic/pgf/basiclayer/pgfcorepathusage.code.tex"
File: pgfcorepathusage.code.tex 2023-01-15 v3.1.10 (3.1.10)
\pgf@shorten@end@additional=\dimen299
\pgf@shorten@start@additional=\dimen300
) ("c:/Program Files/texlive/2025/texmf-dist/tex/generic/pgf/basiclayer/pgfcorescopes.code.tex"
File: pgfcorescopes.code.tex 2023-01-15 v3.1.10 (3.1.10)
\pgfpic=\box75
\pgf@hbox=\box76
\pgf@layerbox@main=\box77
\pgf@picture@serial@count=\count366
) ("c:/Program Files/texlive/2025/texmf-dist/tex/generic/pgf/basiclayer/pgfcoregraphicstate.code.tex"
File: pgfcoregraphicstate.code.tex 2023-01-15 v3.1.10 (3.1.10)
\pgflinewidth=\dimen301
) ("c:/Program Files/texlive/2025/texmf-dist/tex/generic/pgf/basiclayer/pgfcoretransformations.code.tex"
File: pgfcoretransformations.code.tex 2023-01-15 v3.1.10 (3.1.10)
\pgf@pt@x=\dimen302
\pgf@pt@y=\dimen303
\pgf@pt@temp=\dimen304
) ("c:/Program Files/texlive/2025/texmf-dist/tex/generic/pgf/basiclayer/pgfcorequick.code.tex"
File: pgfcorequick.code.tex 2023-01-15 v3.1.10 (3.1.10)
) ("c:/Program Files/texlive/2025/texmf-dist/tex/generic/pgf/basiclayer/pgfcoreobjects.code.tex"
File: pgfcoreobjects.code.tex 2023-01-15 v3.1.10 (3.1.10)
) ("c:/Program Files/texlive/2025/texmf-dist/tex/generic/pgf/basiclayer/pgfcorepathprocessing.code.tex"
File: pgfcorepathprocessing.code.tex 2023-01-15 v3.1.10 (3.1.10)
) ("c:/Program Files/texlive/2025/texmf-dist/tex/generic/pgf/basiclayer/pgfcorearrows.code.tex"
File: pgfcorearrows.code.tex 2023-01-15 v3.1.10 (3.1.10)
\pgfarrowsep=\dimen305
) ("c:/Program Files/texlive/2025/texmf-dist/tex/generic/pgf/basiclayer/pgfcoreshade.code.tex"
File: pgfcoreshade.code.tex 2023-01-15 v3.1.10 (3.1.10)
\pgf@max=\dimen306
\pgf@sys@shading@range@num=\count367
\pgf@shadingcount=\count368
) ("c:/Program Files/texlive/2025/texmf-dist/tex/generic/pgf/basiclayer/pgfcoreimage.code.tex"
File: pgfcoreimage.code.tex 2023-01-15 v3.1.10 (3.1.10)
) ("c:/Program Files/texlive/2025/texmf-dist/tex/generic/pgf/basiclayer/pgfcoreexternal.code.tex"
File: pgfcoreexternal.code.tex 2023-01-15 v3.1.10 (3.1.10)
\pgfexternal@startupbox=\box78
) ("c:/Program Files/texlive/2025/texmf-dist/tex/generic/pgf/basiclayer/pgfcorelayers.code.tex"
File: pgfcorelayers.code.tex 2023-01-15 v3.1.10 (3.1.10)
) ("c:/Program Files/texlive/2025/texmf-dist/tex/generic/pgf/basiclayer/pgfcoretransparency.code.tex"
File: pgfcoretransparency.code.tex 2023-01-15 v3.1.10 (3.1.10)
) ("c:/Program Files/texlive/2025/texmf-dist/tex/generic/pgf/basiclayer/pgfcorepatterns.code.tex"
File: pgfcorepatterns.code.tex 2023-01-15 v3.1.10 (3.1.10)
) ("c:/Program Files/texlive/2025/texmf-dist/tex/generic/pgf/basiclayer/pgfcorerdf.code.tex"
File: pgfcorerdf.code.tex 2023-01-15 v3.1.10 (3.1.10)
))) ("c:/Program Files/texlive/2025/texmf-dist/tex/generic/pgf/modules/pgfmoduleshapes.code.tex"
File: pgfmoduleshapes.code.tex 2023-01-15 v3.1.10 (3.1.10)
\pgfnodeparttextbox=\box79
) ("c:/Program Files/texlive/2025/texmf-dist/tex/generic/pgf/modules/pgfmoduleplot.code.tex"
File: pgfmoduleplot.code.tex 2023-01-15 v3.1.10 (3.1.10)
) ("c:/Program Files/texlive/2025/texmf-dist/tex/latex/pgf/compatibility/pgfcomp-version-0-65.sty"
Package: pgfcomp-version-0-65 2023-01-15 v3.1.10 (3.1.10)
\pgf@nodesepstart=\dimen307
\pgf@nodesepend=\dimen308
) ("c:/Program Files/texlive/2025/texmf-dist/tex/latex/pgf/compatibility/pgfcomp-version-1-18.sty"
Package: pgfcomp-version-1-18 2023-01-15 v3.1.10 (3.1.10)
)) ("c:/Program Files/texlive/2025/texmf-dist/tex/latex/pgf/utilities/pgffor.sty" ("c:/Program Files/texlive/2025/texmf-dist/tex/latex/pgf/utilities/pgfkeys.sty" ("c:/Program Files/texlive/2025/texmf-dist/tex/generic/pgf/utilities/pgfkeys.code.tex")) ("c:/Program Files/texlive/2025/texmf-dist/tex/latex/pgf/math/pgfmath.sty" ("c:/Program Files/texlive/2025/texmf-dist/tex/generic/pgf/math/pgfmath.code.tex")) ("c:/Program Files/texlive/2025/texmf-dist/tex/generic/pgf/utilities/pgffor.code.tex"
Package: pgffor 2023-01-15 v3.1.10 (3.1.10)
\pgffor@iter=\dimen309
\pgffor@skip=\dimen310
\pgffor@stack=\toks40
\pgffor@toks=\toks41
)) ("c:/Program Files/texlive/2025/texmf-dist/tex/generic/pgf/frontendlayer/tikz/tikz.code.tex"
Package: tikz 2023-01-15 v3.1.10 (3.1.10)
 ("c:/Program Files/texlive/2025/texmf-dist/tex/generic/pgf/libraries/pgflibraryplothandlers.code.tex"
File: pgflibraryplothandlers.code.tex 2023-01-15 v3.1.10 (3.1.10)
\pgf@plot@mark@count=\count369
\pgfplotmarksize=\dimen311
)
\tikz@lastx=\dimen312
\tikz@lasty=\dimen313
\tikz@lastxsaved=\dimen314
\tikz@lastysaved=\dimen315
\tikz@lastmovetox=\dimen316
\tikz@lastmovetoy=\dimen317
\tikzleveldistance=\dimen318
\tikzsiblingdistance=\dimen319
\tikz@figbox=\box80
\tikz@figbox@bg=\box81
\tikz@tempbox=\box82
\tikz@tempbox@bg=\box83
\tikztreelevel=\count370
\tikznumberofchildren=\count371
\tikznumberofcurrentchild=\count372
\tikz@fig@count=\count373
 ("c:/Program Files/texlive/2025/texmf-dist/tex/generic/pgf/modules/pgfmodulematrix.code.tex"
File: pgfmodulematrix.code.tex 2023-01-15 v3.1.10 (3.1.10)
\pgfmatrixcurrentrow=\count374
\pgfmatrixcurrentcolumn=\count375
\pgf@matrix@numberofcolumns=\count376
)
\tikz@expandcount=\count377
 ("c:/Program Files/texlive/2025/texmf-dist/tex/generic/pgf/frontendlayer/tikz/libraries/tikzlibrarytopaths.code.tex"
File: tikzlibrarytopaths.code.tex 2023-01-15 v3.1.10 (3.1.10)
))) ("c:/Program Files/texlive/2025/texmf-dist/tex/generic/pgf/frontendlayer/tikz/libraries/tikzlibrarycalc.code.tex"
File: tikzlibrarycalc.code.tex 2023-01-15 v3.1.10 (3.1.10)
) ("c:/Program Files/texlive/2025/texmf-dist/tex/latex/tikzpagenodes/tikzpagenodes.sty"
Package: tikzpagenodes 2012/09/16 v1.1 Special PGF/TikZ nodes for areas of the page
 ("c:/Program Files/texlive/2025/texmf-dist/tex/latex/ifoddpage/ifoddpage.sty"
Package: ifoddpage 2022/10/18 v1.2 Conditionals for odd/even page detection
\c@checkoddpage=\count378
))) (../../structure/page.sty ("c:/Program Files/texlive/2025/texmf-dist/tex/generic/pgf/frontendlayer/tikz/libraries/tikzlibrarybackgrounds.code.tex"
File: tikzlibrarybackgrounds.code.tex 2023-01-15 v3.1.10 (3.1.10)
\pgf@layerbox@background=\box84
\pgf@layerboxsaved@background=\box85
)) (../../structure/base.sty ("c:/Program Files/texlive/2025/texmf-dist/tex/latex/enumitem/enumitem.sty"
Package: enumitem 2025/02/06 v3.11 Customized lists
\labelindent=\skip81
\enit@outerparindent=\dimen320
\enit@toks=\toks42
\enit@inbox=\box86
\enit@count@id=\count379
\enitdp@description=\count380
)
\c@anumcounter=\count381
\c@bnumcounter=\count382
 ("c:/Program Files/texlive/2025/texmf-dist/tex/generic/babel/babel.sty"
Package: babel 2025/06/10 v25.10 The multilingual framework for pdfLaTeX, LuaLaTeX and XeLaTeX
 ("c:/Program Files/texlive/2025/texmf-dist/tex/generic/babel/luababel.def"
\bbl@readstream=\read3
\l@dumylang=\language3
Package babel Info: Non-standard hyphenation setup on input line 118.
\l@nohyphenation=\language4
\l@german-x-2024-02-28=\language5
\l@ngerman-x-2024-02-28=\language6
\l@afrikaans=\language7
\l@albanian=\language8
\l@ancientgreek=\language9
\l@ibycus=\language10
\l@arabic=\language11
\l@armenian=\language12
\l@basque=\language13
\l@belarusian=\language14
\l@bulgarian=\language15
\l@catalan=\language16
\l@pinyin=\language17
\l@churchslavonic=\language18
\l@coptic=\language19
\l@croatian=\language20
\l@czech=\language21
\l@danish=\language22
\l@dutch=\language23
\l@ukenglish=\language24
\l@usenglishmax=\language25
\l@esperanto=\language26
\l@estonian=\language27
\l@ethiopic=\language28
\l@farsi=\language29
\l@finnish=\language30
\l@schoolfinnish=\language31
\l@french=\language32
\l@friulan=\language33
\l@galician=\language34
\l@georgian=\language35
\l@german=\language36
\l@ngerman=\language37
\l@swissgerman=\language38
\l@greek=\language39
\l@monogreek=\language40
\l@hebrew=\language41
\l@hungarian=\language42
\l@icelandic=\language43
\l@assamese=\language44
\l@bengali=\language45
\l@gujarati=\language46
\l@hindi=\language47
\l@kannada=\language48
\l@malayalam=\language49
\l@marathi=\language50
\l@oriya=\language51
\l@pali=\language52
\l@panjabi=\language53
\l@tamil=\language54
\l@telugu=\language55
\l@indonesian=\language56
\l@interlingua=\language57
\l@irish=\language58
\l@italian=\language59
\l@kurmanji=\language60
\l@classiclatin=\language61
\l@latin=\language62
\l@liturgicallatin=\language63
\l@latvian=\language64
\l@lithuanian=\language65
\l@macedonian=\language66
\l@mongolian=\language67
\l@mongolianlmc=\language68
\l@bokmal=\language69
\l@nynorsk=\language70
\l@occitan=\language71
\l@piedmontese=\language72
\l@polish=\language73
\l@portuguese=\language74
\l@romanian=\language75
\l@romansh=\language76
\l@russian=\language77
\l@sanskrit=\language78
\l@serbian=\language79
\l@serbianc=\language80
\l@slovak=\language81
\l@slovenian=\language82
\l@spanish=\language83
\l@swedish=\language84
\l@thai=\language85
\l@turkish=\language86
\l@turkmen=\language87
\l@ukrainian=\language88
\l@uppersorbian=\language89
\l@vietnamese=\language90
\l@welsh=\language91
\babelcatcodetablenum=\catcodetable16
\bbl@pattcodes=\catcodetable17
)
\babel@savecnt=\count383
LaTeX Encoding Info:    Redeclaring text command \ij (encoding OT1) on input line 2043.
LaTeX Encoding Info:    Redeclaring text command \IJ (encoding OT1) on input line 2045.
LaTeX Encoding Info:    Redeclaring text command \ij (encoding T1) on input line 2047.
LaTeX Encoding Info:    Redeclaring text command \IJ (encoding T1) on input line 2048.
LaTeX Encoding Info:    Ignoring declaration for text command \ij (encoding ?) on input line 2049.
LaTeX Encoding Info:    Ignoring declaration for text command \IJ (encoding ?) on input line 2051.
LaTeX Encoding Info:    Ignoring declaration for text command \SS (encoding ?) on input line 2076.
\U@D=\dimen321
\l@unhyphenated=\language92
 ("c:/Program Files/texlive/2025/texmf-dist/tex/generic/babel/luababel.def"
\bbl@attr@locale=\attribute16
) ("c:/Program Files/texlive/2025/texmf-dist/tex/generic/babel-english/english.ldf"
Language: english 2017/06/06 v3.3r English support from the babel system
 ("c:/Program Files/texlive/2025/texmf-dist/tex/generic/babel/locale/en/babel-english.tex"
Package babel Info: Importing font and identification data for english
(babel)             from babel-en.ini. Reported on input line 11.
)
Package babel Info: Hyphen rules for 'canadian' set to \l@english
(babel)             (\language0). Reported on input line 102.
Package babel Info: Hyphen rules for 'australian' set to \l@ukenglish
(babel)             (\language24). Reported on input line 105.
Package babel Info: Hyphen rules for 'newzealand' set to \l@ukenglish
(babel)             (\language24). Reported on input line 108.
))) (../../structure/box.sty ("c:/Program Files/texlive/2025/texmf-dist/tex/latex/tcolorbox/tcolorbox.sty"
Package: tcolorbox 2025/06/04 version 6.6.0 text color boxes
 ("c:/Program Files/texlive/2025/texmf-dist/tex/latex/tools/verbatim.sty"
Package: verbatim 2024-01-22 v1.5x LaTeX2e package for verbatim enhancements
\every@verbatim=\toks43
\verbatim@line=\toks44
\verbatim@in@stream=\read4
) ("c:/Program Files/texlive/2025/texmf-dist/tex/latex/environ/environ.sty"
Package: environ 2014/05/04 v0.3 A new way to define environments
 ("c:/Program Files/texlive/2025/texmf-dist/tex/latex/trimspaces/trimspaces.sty"
Package: trimspaces 2009/09/17 v1.1 Trim spaces around a token list
))
\tcb@titlebox=\box87
\tcb@upperbox=\box88
\tcb@lowerbox=\box89
\tcb@phantombox=\box90
\c@tcbbreakpart=\count384
\c@tcblayer=\count385
\c@tcolorbox@number=\count386
\l__tcobox_tmpa_box=\box91
\l__tcobox_tmpa_dim=\dimen322
\tcb@temp=\box92
\tcb@temp=\box93
\tcb@temp=\box94
\tcb@temp=\box95
 ("c:/Program Files/texlive/2025/texmf-dist/tex/latex/tcolorbox/tcbraster.code.tex"
Library (tcolorbox): 'tcbraster.code.tex' version '6.6.0'
\c@tcbrastercolumn=\count387
\c@tcbrasterrow=\count388
\c@tcbrasternum=\count389
\c@tcbraster=\count390
) ("c:/Program Files/texlive/2025/texmf-dist/tex/latex/tcolorbox/tcbskins.code.tex"
Library (tcolorbox): 'tcbskins.code.tex' version '6.6.0'
("c:/Program Files/texlive/2025/texmf-dist/tex/latex/tikzfill/tikzfill.image.sty"
Package: tikzfill.image 2023/08/08 v1.0.1 Image filling library for TikZ
 ("c:/Program Files/texlive/2025/texmf-dist/tex/latex/tikzfill/tikzfill-common.sty"
Package: tikzfill-common 2023/08/08 v1.0.1 Auxiliary code for tikzfill
) ("c:/Program Files/texlive/2025/texmf-dist/tex/latex/tikzfill/tikzlibraryfill.image.code.tex"
File: tikzlibraryfill.image.code.tex 2023/08/08 v1.0.1 Image filling library
\l__tikzfill_img_box=\box96
)) ("c:/Program Files/texlive/2025/texmf-dist/tex/latex/tcolorbox/tcbskinsjigsaw.code.tex"
Library (tcolorbox): 'tcbskinsjigsaw.code.tex' version '6.6.0'
)) ("c:/Program Files/texlive/2025/texmf-dist/tex/latex/tcolorbox/tcbbreakable.code.tex"
Library (tcolorbox): 'tcbbreakable.code.tex' version '6.6.0'
("c:/Program Files/texlive/2025/texmf-dist/tex/latex/pdfcol/pdfcol.sty"
Package: pdfcol 2022-09-21 v1.7 Handle new color stacks for pdfTeX (HO)
Package pdfcol Info: Interface disabled because of package `luacolor'.
)
Package pdfcol Info: pdfTeX's color stacks are not available.
\tcb@testbox=\box97
\tcb@totalupperbox=\box98
\tcb@totallowerbox=\box99
 ("c:/Program Files/texlive/2025/texmf-dist/tex/generic/iftex/ifluatex.sty"
Package: ifluatex 2019/10/25 v1.5 ifluatex legacy package. Use iftex instead.
)) ("c:/Program Files/texlive/2025/texmf-dist/tex/latex/tcolorbox/tcbhooks.code.tex"
Library (tcolorbox): 'tcbhooks.code.tex' version '6.6.0'
) ("c:/Program Files/texlive/2025/texmf-dist/tex/latex/tcolorbox/tcbtheorems.code.tex"
Library (tcolorbox): 'tcbtheorems.code.tex' version '6.6.0'
) ("c:/Program Files/texlive/2025/texmf-dist/tex/latex/tcolorbox/tcbfitting.code.tex"
Library (tcolorbox): 'tcbfitting.code.tex' version '6.6.0'
\tcbfitdim=\dimen323
\tcb@lowerfitdim=\dimen324
\tcb@upperfitdim=\dimen325
\tcb@cur@hbadness=\count391
) ("c:/Program Files/texlive/2025/texmf-dist/tex/latex/tcolorbox/tcblistingsutf8.code.tex"
Library (tcolorbox): 'tcblistingsutf8.code.tex' version '6.6.0'
("c:/Program Files/texlive/2025/texmf-dist/tex/latex/tcolorbox/tcblistings.code.tex"
Library (tcolorbox): 'tcblistings.code.tex' version '6.6.0'
("c:/Program Files/texlive/2025/texmf-dist/tex/latex/listings/listings.sty"
\lst@mode=\count392
\lst@gtempboxa=\box100
\lst@token=\toks45
\lst@length=\count393
\lst@currlwidth=\dimen326
\lst@column=\count394
\lst@pos=\count395
\lst@lostspace=\dimen327
\lst@width=\dimen328
\lst@newlines=\count396
\lst@lineno=\count397
\lst@maxwidth=\dimen329
 ("c:/Program Files/texlive/2025/texmf-dist/tex/latex/listings/lstpatch.sty"
File: lstpatch.sty 2024/09/23 1.10c (Carsten Heinz)
) ("c:/Program Files/texlive/2025/texmf-dist/tex/latex/listings/lstmisc.sty"
File: lstmisc.sty 2024/09/23 1.10c (Carsten Heinz)
\c@lstnumber=\count398
\lst@skipnumbers=\count399
\lst@framebox=\box101
) ("c:/Program Files/texlive/2025/texmf-dist/tex/latex/listings/listings.cfg"
File: listings.cfg 2024/09/23 1.10c listings configuration
))
Package: listings 2024/09/23 1.10c (Carsten Heinz)
 ("c:/Program Files/texlive/2025/texmf-dist/tex/latex/tcolorbox/tcblistingscore.code.tex"
Library (tcolorbox): 'tcblistingscore.code.tex' version '6.6.0'
("c:/Program Files/texlive/2025/texmf-dist/tex/latex/tcolorbox/tcbprocessing.code.tex"
Library (tcolorbox): 'tcbprocessing.code.tex' version '6.6.0'
)
\c@tcblisting=\count400
))
Package tcolorbox Info: Library `listingsutf8' is compatible with pdftex only. Library `listings` is loaded instead. on input line 29.
) ("c:/Program Files/texlive/2025/texmf-dist/tex/latex/tcolorbox/tcbexternal.code.tex"
Library (tcolorbox): 'tcbexternal.code.tex' version '6.6.0'
) ("c:/Program Files/texlive/2025/texmf-dist/tex/latex/tcolorbox/tcbmagazine.code.tex"
Library (tcolorbox): 'tcbmagazine.code.tex' version '6.6.0'
) ("c:/Program Files/texlive/2025/texmf-dist/tex/latex/tcolorbox/tcbvignette.code.tex"
Library (tcolorbox): 'tcbvignette.code.tex' version '6.6.0'
("c:/Program Files/texlive/2025/texmf-dist/tex/generic/pgf/frontendlayer/tikz/libraries/tikzlibraryfadings.code.tex"
File: tikzlibraryfadings.code.tex 2023-01-15 v3.1.10 (3.1.10)
 ("c:/Program Files/texlive/2025/texmf-dist/tex/generic/pgf/libraries/pgflibraryfadings.code.tex"
File: pgflibraryfadings.code.tex 2023-01-15 v3.1.10 (3.1.10)
))) ("c:/Program Files/texlive/2025/texmf-dist/tex/latex/tcolorbox/tcbposter.code.tex"
Library (tcolorbox): 'tcbposter.code.tex' version '6.6.0'
))
\c@checkbox=\count401
\c@practicebox=\count402
) (../../structure/tablefigure.sty ("c:/Program Files/texlive/2025/texmf-dist/tex/latex/colortbl/colortbl.sty"
Package: colortbl 2024/10/29 v1.0k Color table columns (DPC)
\everycr=\toks46
\minrowclearance=\skip82
\rownum=\count403
)) (../../structure/seolf.sty
\seolfmode=\count404
) ("c:/Program Files/texlive/2025/texmf-dist/tex/latex/geometry/geometry.sty"
Package: geometry 2020/01/02 v5.9 Page Geometry
 ("c:/Program Files/texlive/2025/texmf-dist/tex/generic/iftex/ifvtex.sty"
Package: ifvtex 2019/10/25 v1.7 ifvtex legacy package. Use iftex instead.
)
\Gm@cnth=\count405
\Gm@cntv=\count406
\c@Gm@tempcnt=\count407
\Gm@bindingoffset=\dimen330
\Gm@wd@mp=\dimen331
\Gm@odd@mp=\dimen332
\Gm@even@mp=\dimen333
\Gm@layoutwidth=\dimen334
\Gm@layoutheight=\dimen335
\Gm@layouthoffset=\dimen336
\Gm@layoutvoffset=\dimen337
\Gm@dimlist=\toks47
)
luaotfload | cache : Lookup cache loaded from C:/Users/seolpc/.texlive2025/texmf-var/luatex-cache/generic/names/luaotfload-lookup-cache.luc.

Package fontspec Info: 
(fontspec)             Font family 'UnBatang(0)' created for font 'UnBatang'
(fontspec)             with options [Ligatures=TeX,UprightFont =
(fontspec)             {*},ItalicFont = {*},SlantedFont = {*},BoldFont =
(fontspec)             {*},SlantedFeatures = {FakeSlant=0.3}].
(fontspec)              
(fontspec)              This font family consists of the following NFSS
(fontspec)             series/shapes:
(fontspec)              
(fontspec)             - 'normal' (m/n) with NFSS spec.:
(fontspec)             <->"name:UnBatang:mode=node;language=dflt;+tlig;"
(fontspec)             - 'bold' (b/n) with NFSS spec.:
(fontspec)             <->"name:UnBatang:mode=node;language=dflt;+tlig;"
(fontspec)             - 'italic' (m/it) with NFSS spec.:
(fontspec)             <->"name:UnBatang:mode=node;language=dflt;+tlig;"
(fontspec)             - 'slanted' (m/sl) with NFSS spec.:
(fontspec)             <->"name:UnBatang:mode=node;language=dflt;slant=0.3;+tlig;"
(fontspec)             - 'bold italic' (b/it) with NFSS spec.:
(fontspec)             <->"name:UnBatang/B:mode=node;language=dflt;+tlig;"
(fontspec)             - 'bold slanted' (b/sl) with NFSS spec.:
(fontspec)             <->"name:UnBatang/B:mode=node;language=dflt;+tlig;"

) (./main.aux)
\openout1 = main.aux

LaTeX Font Info:    Checking defaults for OML/cmm/m/it on input line 8.
LaTeX Font Info:    ... okay on input line 8.
LaTeX Font Info:    Checking defaults for OMS/cmsy/m/n on input line 8.
LaTeX Font Info:    ... okay on input line 8.
LaTeX Font Info:    Checking defaults for OT1/cmr/m/n on input line 8.
LaTeX Font Info:    ... okay on input line 8.
LaTeX Font Info:    Checking defaults for T1/cmr/m/n on input line 8.
LaTeX Font Info:    ... okay on input line 8.
LaTeX Font Info:    Checking defaults for TS1/cmr/m/n on input line 8.
LaTeX Font Info:    ... okay on input line 8.
LaTeX Font Info:    Checking defaults for TU/lmr/m/n on input line 8.
LaTeX Font Info:    ... okay on input line 8.
LaTeX Font Info:    Checking defaults for OMX/cmex/m/n on input line 8.
LaTeX Font Info:    ... okay on input line 8.
LaTeX Font Info:    Checking defaults for U/cmr/m/n on input line 8.
LaTeX Font Info:    ... okay on input line 8.
LaTeX Font Info:    Checking defaults for PD1/pdf/m/n on input line 8.
LaTeX Font Info:    ... okay on input line 8.
LaTeX Font Info:    Checking defaults for PU/pdf/m/n on input line 8.
LaTeX Font Info:    ... okay on input line 8.
Package hyperref Info: Link coloring OFF on input line 8.
 (./main.out) (./main.out)
\@outlinefile=\write4

\openout4 = main.out

Package fontspec Info: 
(fontspec)             Adjusting the maths setup (use [no-math] to avoid
(fontspec)             this).

\symlegacymaths=\mathgroup6
LaTeX Font Info:    Overwriting symbol font `legacymaths' in version `bold'
(Font)                  OT1/cmr/m/n --> OT1/cmr/bx/n on input line 8.
LaTeX Font Info:    Redeclaring math accent \acute on input line 8.
LaTeX Font Info:    Redeclaring math accent \grave on input line 8.
LaTeX Font Info:    Redeclaring math accent \ddot on input line 8.
LaTeX Font Info:    Redeclaring math accent \tilde on input line 8.
LaTeX Font Info:    Redeclaring math accent \bar on input line 8.
LaTeX Font Info:    Redeclaring math accent \breve on input line 8.
LaTeX Font Info:    Redeclaring math accent \check on input line 8.
LaTeX Font Info:    Redeclaring math accent \hat on input line 8.
LaTeX Font Info:    Redeclaring math accent \dot on input line 8.
LaTeX Font Info:    Redeclaring math accent \mathring on input line 8.
LaTeX Font Info:    Redeclaring math symbol \Gamma on input line 8.
LaTeX Font Info:    Redeclaring math symbol \Delta on input line 8.
LaTeX Font Info:    Redeclaring math symbol \Theta on input line 8.
LaTeX Font Info:    Redeclaring math symbol \Lambda on input line 8.
LaTeX Font Info:    Redeclaring math symbol \Xi on input line 8.
LaTeX Font Info:    Redeclaring math symbol \Pi on input line 8.
LaTeX Font Info:    Redeclaring math symbol \Sigma on input line 8.
LaTeX Font Info:    Redeclaring math symbol \Upsilon on input line 8.
LaTeX Font Info:    Redeclaring math symbol \Phi on input line 8.
LaTeX Font Info:    Redeclaring math symbol \Psi on input line 8.
LaTeX Font Info:    Redeclaring math symbol \Omega on input line 8.
LaTeX Font Info:    Redeclaring math symbol \mathdollar on input line 8.
LaTeX Font Info:    Redeclaring symbol font `operators' on input line 8.
LaTeX Font Info:    Encoding `OT1' has changed to `TU' for symbol font
(Font)              `operators' in the math version `normal' on input line 8.
LaTeX Font Info:    Overwriting symbol font `operators' in version `normal'
(Font)                  OT1/cmr/m/n --> TU/lmr/m/n on input line 8.
LaTeX Font Info:    Encoding `OT1' has changed to `TU' for symbol font
(Font)              `operators' in the math version `bold' on input line 8.
LaTeX Font Info:    Overwriting symbol font `operators' in version `bold'
(Font)                  OT1/cmr/bx/n --> TU/lmr/m/n on input line 8.
LaTeX Font Info:    Overwriting symbol font `operators' in version `normal'
(Font)                  TU/lmr/m/n --> TU/lmr/m/n on input line 8.
LaTeX Font Info:    Overwriting math alphabet `\mathit' in version `normal'
(Font)                  OT1/cmr/m/it --> TU/lmr/m/it on input line 8.
LaTeX Font Info:    Overwriting math alphabet `\mathbf' in version `normal'
(Font)                  OT1/cmr/bx/n --> TU/lmr/b/n on input line 8.
LaTeX Font Info:    Overwriting math alphabet `\mathsf' in version `normal'
(Font)                  OT1/cmss/m/n --> TU/lmss/m/n on input line 8.
LaTeX Font Info:    Overwriting math alphabet `\mathtt' in version `normal'
(Font)                  OT1/cmtt/m/n --> TU/lmtt/m/n on input line 8.
LaTeX Font Info:    Overwriting symbol font `operators' in version `bold'
(Font)                  TU/lmr/m/n --> TU/lmr/b/n on input line 8.
LaTeX Font Info:    Overwriting math alphabet `\mathit' in version `bold'
(Font)                  OT1/cmr/bx/it --> TU/lmr/b/it on input line 8.
LaTeX Font Info:    Overwriting math alphabet `\mathsf' in version `bold'
(Font)                  OT1/cmss/bx/n --> TU/lmss/b/n on input line 8.
LaTeX Font Info:    Overwriting math alphabet `\mathtt' in version `bold'
(Font)                  OT1/cmtt/m/n --> TU/lmtt/b/n on input line 8.

Package fontspec Info: 
(fontspec)             Could not resolve font "UnDotum/BI" (it probably
(fontspec)             doesn't exist).


Package fontspec Info: 
(fontspec)             Could not resolve font "UnDotum/I" (it probably doesn't
(fontspec)             exist).


Package fontspec Info: 
(fontspec)             Font family 'UnDotum(0)' created for font 'UnDotum'
(fontspec)             with options [Ligatures=TeX].
(fontspec)              
(fontspec)              This font family consists of the following NFSS
(fontspec)             series/shapes:
(fontspec)              
(fontspec)             - 'normal' (m/n) with NFSS spec.:
(fontspec)             <->"name:UnDotum:mode=node;language=dflt;+tlig;"
(fontspec)             - 'bold' (b/n) with NFSS spec.:
(fontspec)             <->"name:UnDotum/B:mode=node;language=dflt;+tlig;"


Package fontspec Info: 
(fontspec)             Could not resolve font "UnDotum/BI" (it probably
(fontspec)             doesn't exist).


Package fontspec Info: 
(fontspec)             Could not resolve font "UnDotum/I" (it probably doesn't
(fontspec)             exist).


Package fontspec Info: 
(fontspec)             Font family 'UnDotum(1)' created for font 'UnDotum'
(fontspec)             with options [UprightFeatures={SizeFeatures={
(fontspec)             {Size={-8.5}, FakeStretch=1.062}, {Size={8.5-11},
(fontspec)             FakeStretch=1.05 }, {Size={11-}, FakeStretch=1.03
(fontspec)             }}},BoldFeatures={SizeFeatures={ {Size={-},
(fontspec)             FakeStretch=1.05}}},WordSpace={1.66667,0,0}].
(fontspec)              
(fontspec)              This font family consists of the following NFSS
(fontspec)             series/shapes:
(fontspec)              
(fontspec)             - 'normal' (m/n) with NFSS spec.:
(fontspec)             <-8.5>"name:UnDotum:mode=node;language=dflt;extend=1.062;"<8.5-11>"name:UnDotum:mode=node;language=dflt;extend=1.05;"<11->"name:UnDotum:mode=node;language=dflt;extend=1.03;"
(fontspec)             - 'bold' (b/n) with NFSS spec.:
(fontspec)             <->"name:UnDotum/B:mode=node;language=dflt;extend=1.05;"

 ("c:/Program Files/texlive/2025/texmf-dist/tex/context/base/mkii/supp-pdf.mkii"
[Loading MPS to PDF converter (version 2006.09.02).]
\scratchcounter=\count408
\scratchdimen=\dimen338
\scratchbox=\box102
\nofMPsegments=\count409
\nofMParguments=\count410
\everyMPshowfont=\toks48
\MPscratchCnt=\count411
\MPscratchDim=\dimen339
\MPnumerator=\count412
\makeMPintoPDFobject=\count413
\everyMPtoPDFconversion=\toks49
) ("c:/Program Files/texlive/2025/texmf-dist/tex/latex/epstopdf-pkg/epstopdf-base.sty"
Package: epstopdf-base 2020-01-24 v2.11 Base part for package epstopdf
Package epstopdf-base Info: Redefining graphics rule for `.eps' on input line 485.
 ("c:/Program Files/texlive/2025/texmf-dist/tex/latex/latexconfig/epstopdf-sys.cfg"
File: epstopdf-sys.cfg 2010/07/13 v1.3 Configuration of (r)epstopdf for TeX Live
))
Package caption Info: Begin \AtBeginDocument code.
Package caption Info: float package is loaded.
Package caption Info: listings package is loaded.
Package caption Info: longtable package is loaded.
 ("c:/Program Files/texlive/2025/texmf-dist/tex/latex/caption/ltcaption.sty"
Package: ltcaption 2021/01/08 v1.4c longtable captions (AR)
)
Package caption Info: End \AtBeginDocument code.
 ("c:/Program Files/texlive/2025/texmf-dist/tex/latex/translations/translations-basic-dictionary-english.trsl"
File: translations-basic-dictionary-english.trsl (english translation file `translations-basic-dictionary')
)
Package translations Info: loading dictionary `translations-basic-dictionary' for `english'. on input line 8.
\c@lstlisting=\count414

*geometry* driver: auto-detecting
*geometry* detected driver: luatex
*geometry* verbose mode - [ preamble ] result:
* driver: luatex
* paper: a4paper
* layout: <same size as paper>
* layoutoffset:(h,v)=(0.0pt,0.0pt)
* modes: twoside 
* h-part:(L,W,R)=(56.9055pt, 483.69687pt, 56.9055pt)
* v-part:(T,H,B)=(71.13188pt, 702.78308pt, 71.13188pt)
* \paperwidth=597.50787pt
* \paperheight=845.04684pt
* \textwidth=483.69687pt
* \textheight=702.78308pt
* \oddsidemargin=-15.36449pt
* \evensidemargin=-15.36449pt
* \topmargin=-37.2056pt
* \headheight=18.0pt
* \headsep=18.06749pt
* \topskip=10.0pt
* \footskip=25.29494pt
* \marginparwidth=125.0pt
* \marginparsep=7.0pt
* \columnsep=10.0pt
* \skip\footins=9.0pt plus 4.0pt minus 2.0pt
* \hoffset=0.0pt
* \voffset=0.0pt
* \mag=1000
* \@twocolumnfalse
* \@twosidetrue
* \@mparswitchtrue
* \@reversemarginfalse
* (1in=72.27pt=25.4mm, 1cm=28.453pt)

(../includes/title.tex
LaTeX Font Info:    Font shape `TU/UnBatang(0)/bx/n' in size <24.88> not available
(Font)              Font shape `TU/UnBatang(0)/b/n' tried instead on input line 5.
LaTeX Font Info:    Font shape `TU/UnBatang(0)/bx/n' in size <14.4> not available
(Font)              Font shape `TU/UnBatang(0)/b/n' tried instead on input line 8.
LaTeX Font Info:    Trying to load font information for U+msa on input line 17.
 ("c:/Program Files/texlive/2025/texmf-dist/tex/latex/amsfonts/umsa.fd"
File: umsa.fd 2013/01/14 v3.01 AMS symbols A
)
LaTeX Font Info:    Trying to load font information for U+msb on input line 17.
 ("c:/Program Files/texlive/2025/texmf-dist/tex/latex/amsfonts/umsb.fd"
File: umsb.fd 2013/01/14 v3.01 AMS symbols B
)

[1


{c:/Program Files/texlive/2025/texmf-var/fonts/map/pdftex/updmap/pdftex.map}]) (../includes/toc.tex

[2


]
LaTeX Font Info:    Font shape `TU/UnBatang(0)/bx/n' in size <17> not available
(Font)              Font shape `TU/UnBatang(0)/b/n' tried instead on input line 41.
 (./main.toc
LaTeX Font Info:    Font shape `TU/UnBatang(0)/bx/n' in size <10> not available
(Font)              Font shape `TU/UnBatang(0)/b/n' tried instead on input line 2.
)
\tf@toc=\write5

\openout5 = main.toc
)

[3]
*geometry* verbose mode - [ newgeometry ] result:
* driver: luatex
* paper: a4paper
* layout: <same size as paper>
* layoutoffset:(h,v)=(0.0pt,0.0pt)
* modes: twoside 
* h-part:(L,W,R)=(56.9055pt, 369.88585pt, 170.71652pt)
* v-part:(T,H,B)=(71.13188pt, 702.78308pt, 71.13188pt)
* \paperwidth=597.50787pt
* \paperheight=845.04684pt
* \textwidth=369.88585pt
* \textheight=702.78308pt
* \oddsidemargin=-15.36449pt
* \evensidemargin=98.44653pt
* \topmargin=-37.2056pt
* \headheight=18.0pt
* \headsep=18.06749pt
* \topskip=10.0pt
* \footskip=25.29494pt
* \marginparwidth=125.0pt
* \marginparsep=7.0pt
* \columnsep=10.0pt
* \skip\footins=9.0pt plus 4.0pt minus 2.0pt
* \hoffset=0.0pt
* \voffset=0.0pt
* \mag=1000
* \@twocolumnfalse
* \@twosidetrue
* \@mparswitchtrue
* \@reversemarginfalse
* (1in=72.27pt=25.4mm, 1cm=28.453pt)



[4


]
Package xr Info: IMPORTING LABELS FROM ../chapters/14/chapter.aux on input line 28.
 (../chapters/18/chapter.tex
Chapter 18.
LaTeX Font Info:    Font shape `TU/UnBatang(0)/bx/n' in size <20.74> not available
(Font)              Font shape `TU/UnBatang(0)/b/n' tried instead on input line 7.
(../chapters/18/tables.tex) (../chapters/18/figures.tex) (../chapters/18/./section01.tex
LaTeX Font Info:    Font shape `TU/UnBatang(0)/bx/n' in size <7> not available
(Font)              Font shape `TU/UnBatang(0)/b/n' tried instead on input line 3.
Lua-only attribute luaul1 = 17
LaTeX Font Info:    Font shape `TU/UnBatang(0)/bx/n' in size <15> not available
(Font)              Font shape `TU/UnBatang(0)/b/n' tried instead on input line 9.
Inserting `luatexko.post_shaping_filter.slant' in `post_shaping_filter'.
<../chapters/18/figures/some_temperatures_on_the_Kelvin_scale.png, id=185, 252.945pt x 397.485pt>
File: ../chapters/18/figures/some_temperatures_on_the_Kelvin_scale.png Graphic file (type png)
<use ../chapters/18/figures/some_temperatures_on_the_Kelvin_scale.png>
Package luatex.def Info: ../chapters/18/figures/some_temperatures_on_the_Kelvin_scale.png  used on input line 34.
(luatex.def)             Requested size: 151.76816pt x 238.49283pt.
Inserting `luatexko.luatexko_prelinebreak_first.autojosa' in `luatexko_prelinebreak_first'.


warning  (pdf backend): ignoring duplicate destination with the name 'page.1'
[1

<../chapters/18/figures/some_temperatures_on_the_Kelvin_scale.png>]
<../chapters/18/figures/thermoscope.png, id=204, 183.68625pt x 140.77594pt>
File: ../chapters/18/figures/thermoscope.png Graphic file (type png)
<use ../chapters/18/figures/thermoscope.png>
Package luatex.def Info: ../chapters/18/figures/thermoscope.png  used on input line 62.
(luatex.def)             Requested size: 110.21259pt x 84.4662pt.
<../chapters/18/figures/zeroth_law_of_thermodynamics_diagram_a.png, id=206, 197.23688pt x 155.07938pt>
File: ../chapters/18/figures/zeroth_law_of_thermodynamics_diagram_a.png Graphic file (type png)
<use ../chapters/18/figures/zeroth_law_of_thermodynamics_diagram_a.png>
Package luatex.def Info: ../chapters/18/figures/zeroth_law_of_thermodynamics_diagram_a.png  used on input line 72.
(luatex.def)             Requested size: 110.45187pt x 86.84384pt.
<../chapters/18/figures/zeroth_law_of_thermodynamics_diagram_b.png, id=207, 197.23688pt x 155.07938pt>
File: ../chapters/18/figures/zeroth_law_of_thermodynamics_diagram_b.png Graphic file (type png)
<use ../chapters/18/figures/zeroth_law_of_thermodynamics_diagram_b.png>
Package luatex.def Info: ../chapters/18/figures/zeroth_law_of_thermodynamics_diagram_b.png  used on input line 72.
(luatex.def)             Requested size: 110.45187pt x 86.84384pt.
<../chapters/18/figures/zeroth_law_of_thermodynamics_diagram_c.png, id=208, 197.23688pt x 155.07938pt>
File: ../chapters/18/figures/zeroth_law_of_thermodynamics_diagram_c.png Graphic file (type png)
<use ../chapters/18/figures/zeroth_law_of_thermodynamics_diagram_c.png>
Package luatex.def Info: ../chapters/18/figures/zeroth_law_of_thermodynamics_diagram_c.png  used on input line 72.
(luatex.def)             Requested size: 110.45187pt x 86.84384pt.



warning  (pdf backend): ignoring duplicate destination with the name 'page.2'
[2

<../chapters/18/figures/thermoscope.png><../chapters/18/figures/zeroth_law_of_thermodynamics_diagram_a.png><../chapters/18/figures/zeroth_law_of_thermodynamics_diagram_b.png><../chapters/18/figures/zeroth_law_of_thermodynamics_diagram_c.png>]
LaTeX Font Info:    Font shape `TU/UnBatang(0)/bx/n' in size <12> not available
(Font)              Font shape `TU/UnBatang(0)/b/n' tried instead on input line 137.
<../chapters/18/figures/triple-point_cell.png, id=228, 189.70876pt x 199.49532pt>
File: ../chapters/18/figures/triple-point_cell.png Graphic file (type png)
<use ../chapters/18/figures/triple-point_cell.png>
Package luatex.def Info: ../chapters/18/figures/triple-point_cell.png  used on input line 148.
(luatex.def)             Requested size: 113.82613pt x 119.69809pt.



warning  (pdf backend): ignoring duplicate destination with the name 'page.3'
[3

<../chapters/18/figures/triple-point_cell.png>]
<../chapters/18/figures/constant-volume_gas_thermometer.png, id=240, 216.05719pt x 291.33844pt>
File: ../chapters/18/figures/constant-volume_gas_thermometer.png Graphic file (type png)
<use ../chapters/18/figures/constant-volume_gas_thermometer.png>
Package luatex.def Info: ../chapters/18/figures/constant-volume_gas_thermometer.png  used on input line 178.
(luatex.def)             Requested size: 129.6353pt x 174.8044pt.



warning  (pdf backend): ignoring duplicate destination with the name 'page.4'
[4

<../chapters/18/figures/constant-volume_gas_thermometer.png>]
<../chapters/18/figures/temperatures_measured_by_a_constant-volume_gas_thermometer.png, id=257, 350.05782pt x 177.66376pt>
File: ../chapters/18/figures/temperatures_measured_by_a_constant-volume_gas_thermometer.png Graphic file (type png)
<use ../chapters/18/figures/temperatures_measured_by_a_constant-volume_gas_thermometer.png>
Package luatex.def Info: ../chapters/18/figures/temperatures_measured_by_a_constant-volume_gas_thermometer.png  used on input line 247.
(luatex.def)             Requested size: 210.0363pt x 106.59906pt.


[5

<../chapters/18/figures/temperatures_measured_by_a_constant-volume_gas_thermometer.png>]
warning  (pdf backend): ignoring duplicate destination with the name 'bnumcounter.1'

warning  (pdf backend): ignoring duplicate destination with the name 'bnumcounter.2'

warning  (pdf backend): ignoring duplicate destination with the name 'bnumcounter.3'

warning  (pdf backend): ignoring duplicate destination with the name 'bnumcounter.4'

warning  (pdf backend): ignoring duplicate destination with the name 'bnumcounter.1'

warning  (pdf backend): ignoring duplicate destination with the name 'bnumcounter.2'

warning  (pdf backend): ignoring duplicate destination with the name 'bnumcounter.3'


[6

]) (../chapters/18/./section02.tex
<../chapters/18/figures/kelvin_celsius_fahrenheit_temperature_scales_compared.png, id=289, 269.50688pt x 216.05719pt>
File: ../chapters/18/figures/kelvin_celsius_fahrenheit_temperature_scales_compared.png Graphic file (type png)
<use ../chapters/18/figures/kelvin_celsius_fahrenheit_temperature_scales_compared.png>
Package luatex.def Info: ../chapters/18/figures/kelvin_celsius_fahrenheit_temperature_scales_compared.png  used on input line 36.
(luatex.def)             Requested size: 161.70537pt x 129.6353pt.


[7

<../chapters/18/figures/kelvin_celsius_fahrenheit_temperature_scales_compared.png>]
<../chapters/18/figures/three_linear_temperature_scales.png, id=304, 302.63063pt x 116.68594pt>
File: ../chapters/18/figures/three_linear_temperature_scales.png Graphic file (type png)
<use ../chapters/18/figures/three_linear_temperature_scales.png>
Package luatex.def Info: ../chapters/18/figures/three_linear_temperature_scales.png  used on input line 75.
(luatex.def)             Requested size: 181.57977pt x 70.01208pt.

warning  (pdf backend): ignoring duplicate destination with the name 'bnumcounter.1'

warning  (pdf backend): ignoring duplicate destination with the name 'bnumcounter.2'
<../chapters/18/figures/unknown_temperature_scale.png, id=305, 249.18094pt x 133.24782pt>
File: ../chapters/18/figures/unknown_temperature_scale.png Graphic file (type png)
<use ../chapters/18/figures/unknown_temperature_scale.png>
Package luatex.def Info: ../chapters/18/figures/unknown_temperature_scale.png  used on input line 110.
(luatex.def)             Requested size: 149.5097pt x 79.9493pt.

warning  (pdf backend): ignoring duplicate destination with the name 'bnumcounter.1'

warning  (pdf backend): ignoring duplicate destination with the name 'bnumcounter.2'

warning  (pdf backend): ignoring duplicate destination with the name 'bnumcounter.3'

warning  (pdf backend): ignoring duplicate destination with the name 'bnumcounter.4'


[8

<../chapters/18/figures/three_linear_temperature_scales.png><../chapters/18/figures/unknown_temperature_scale.png>]) (../chapters/18/./section03.tex
<../chapters/18/figures/concorde.png, id=315, 222.07968pt x 160.34906pt>
File: ../chapters/18/figures/concorde.png Graphic file (type png)
<use ../chapters/18/figures/concorde.png>
Package luatex.def Info: ../chapters/18/figures/concorde.png  used on input line 16.
(luatex.def)             Requested size: 133.24883pt x 96.21017pt.
<../chapters/18/figures/bimetal_strip_a.png, id=318, 144.54pt x 57.21375pt>
File: ../chapters/18/figures/bimetal_strip_a.png Graphic file (type png)
<use ../chapters/18/figures/bimetal_strip_a.png>
Package luatex.def Info: ../chapters/18/figures/bimetal_strip_a.png  used on input line 25.
(luatex.def)             Requested size: 86.72466pt x 34.32849pt.
<../chapters/18/figures/bimetal_strip_b.png, id=319, 145.29282pt x 57.21375pt>
File: ../chapters/18/figures/bimetal_strip_b.png Graphic file (type png)
<use ../chapters/18/figures/bimetal_strip_b.png>
Package luatex.def Info: ../chapters/18/figures/bimetal_strip_b.png  used on input line 25.
(luatex.def)             Requested size: 87.17635pt x 34.32849pt.


[9

<../chapters/18/figures/concorde.png><../chapters/18/figures/bimetal_strip_a.png><../chapters/18/figures/bimetal_strip_b.png>]
<../chapters/18/figures/thermal_expansion_of_rails.png, id=335, 256.45813pt x 40.65187pt>
File: ../chapters/18/figures/thermal_expansion_of_rails.png Graphic file (type png)
<use ../chapters/18/figures/thermal_expansion_of_rails.png>
Package luatex.def Info: ../chapters/18/figures/thermal_expansion_of_rails.png  used on input line 85.
(luatex.def)             Requested size: 205.16676pt x 32.52153pt.

warning  (pdf backend): ignoring duplicate destination with the name 'bnumcounter.1'

warning  (pdf backend): ignoring duplicate destination with the name 'bnumcounter.2'


[10

<../chapters/18/figures/thermal_expansion_of_rails.png>]
<../chapters/18/figures/thermal_expansion_of_a_ruler.png, id=347, 304.88907pt x 120.45pt>
File: ../chapters/18/figures/thermal_expansion_of_a_ruler.png Graphic file (type png)
<use ../chapters/18/figures/thermal_expansion_of_a_ruler.png>
Package luatex.def Info: ../chapters/18/figures/thermal_expansion_of_a_ruler.png  used on input line 116.
(luatex.def)             Requested size: 182.93484pt x 72.27054pt.
<../chapters/18/figures/open-ended_metal_ring.png, id=349, 182.93344pt x 182.93344pt>
File: ../chapters/18/figures/open-ended_metal_ring.png Graphic file (type png)
<use ../chapters/18/figures/open-ended_metal_ring.png>
Package luatex.def Info: ../chapters/18/figures/open-ended_metal_ring.png  used on input line 130.
(luatex.def)             Requested size: 54.88045pt x 54.88045pt.


[11

<../chapters/18/figures/thermal_expansion_of_a_ruler.png><../chapters/18/figures/open-ended_metal_ring.png>]
warning  (pdf backend): ignoring duplicate destination with the name 'bnumcounter.1'

warning  (pdf backend): ignoring duplicate destination with the name 'bnumcounter.2'

warning  (pdf backend): ignoring duplicate destination with the name 'bnumcounter.3'
<../chapters/18/figures/four_rectangular_metal_plates.png, id=365, 331.2375pt x 99.37125pt>
File: ../chapters/18/figures/four_rectangular_metal_plates.png Graphic file (type png)
<use ../chapters/18/figures/four_rectangular_metal_plates.png>
Package luatex.def Info: ../chapters/18/figures/four_rectangular_metal_plates.png  used on input line 204.
(luatex.def)             Requested size: 198.74402pt x 59.6232pt.

warning  (pdf backend): ignoring duplicate destination with the name 'bnumcounter.1'

warning  (pdf backend): ignoring duplicate destination with the name 'bnumcounter.2'


[12

<../chapters/18/figures/four_rectangular_metal_plates.png>]
<../chapters/18/figures/apollo_fifteen.png, id=373, 253.69781pt x 266.49562pt>
File: ../chapters/18/figures/apollo_fifteen.png Graphic file (type png)
<use ../chapters/18/figures/apollo_fifteen.png>
Package luatex.def Info: ../chapters/18/figures/apollo_fifteen.png  used on input line 241.
(luatex.def)             Requested size: 152.21985pt x 159.89859pt.

warning  (pdf backend): ignoring duplicate destination with the name 'bnumcounter.1'

warning  (pdf backend): ignoring duplicate destination with the name 'bnumcounter.2'

warning  (pdf backend): ignoring duplicate destination with the name 'bnumcounter.3'


[13

<../chapters/18/figures/apollo_fifteen.png>]
<../chapters/18/figures/thermal_compensation_device.png, id=388, 158.09062pt x 79.29625pt>
File: ../chapters/18/figures/thermal_compensation_device.png Graphic file (type png)
<use ../chapters/18/figures/thermal_compensation_device.png>
Package luatex.def Info: ../chapters/18/figures/thermal_compensation_device.png  used on input line 346.
(luatex.def)             Requested size: 94.85509pt x 47.5781pt.


[14

<../chapters/18/figures/thermal_compensation_device.png>]

[15


]

[16

]) (../chapters/18/./section04.tex
warning  (pdf backend): ignoring duplicate destination with the name 'bnumcounter.1'

warning  (pdf backend): ignoring duplicate destination with the name 'bnumcounter.2'

warning  (pdf backend): ignoring duplicate destination with the name 'bnumcounter.3'

warning  (pdf backend): ignoring duplicate destination with the name 'bnumcounter.4'

warning  (pdf backend): ignoring duplicate destination with the name 'bnumcounter.1'

warning  (pdf backend): ignoring duplicate destination with the name 'bnumcounter.2'

warning  (pdf backend): ignoring duplicate destination with the name 'bnumcounter.3'
<../chapters/18/figures/temperature_and_heat_a.png, id=408, 164.86594pt x 127.22531pt>
File: ../chapters/18/figures/temperature_and_heat_a.png Graphic file (type png)
<use ../chapters/18/figures/temperature_and_heat_a.png>
Package luatex.def Info: ../chapters/18/figures/temperature_and_heat_a.png  used on input line 66.
(luatex.def)             Requested size: 92.32428pt x 71.24568pt.
<../chapters/18/figures/temperature_and_heat_b.png, id=409, 164.86594pt x 127.97812pt>
File: ../chapters/18/figures/temperature_and_heat_b.png Graphic file (type png)
<use ../chapters/18/figures/temperature_and_heat_b.png>
Package luatex.def Info: ../chapters/18/figures/temperature_and_heat_b.png  used on input line 66.
(luatex.def)             Requested size: 92.32428pt x 71.66725pt.
<../chapters/18/figures/temperature_and_heat_c.png, id=410, 164.86594pt x 126.4725pt>
File: ../chapters/18/figures/temperature_and_heat_c.png Graphic file (type png)
<use ../chapters/18/figures/temperature_and_heat_c.png>
Package luatex.def Info: ../chapters/18/figures/temperature_and_heat_c.png  used on input line 66.
(luatex.def)             Requested size: 92.32428pt x 70.82411pt.



warning  (pdf backend): ignoring duplicate destination with the name 'page.15'
[15


<../chapters/18/figures/temperature_and_heat_a.png><../chapters/18/figures/temperature_and_heat_b.png><../chapters/18/figures/temperature_and_heat_c.png>]


warning  (pdf backend): ignoring duplicate destination with the name 'page.16'
[16

]

[17

]

[18

]
warning  (pdf backend): ignoring duplicate destination with the name 'bnumcounter.1'

warning  (pdf backend): ignoring duplicate destination with the name 'bnumcounter.2'

warning  (pdf backend): ignoring duplicate destination with the name 'bnumcounter.3'
LaTeX Font Info:    Font shape `TU/UnBatang(0)/bx/it' in size <10> not available
(Font)              Font shape `TU/UnBatang(0)/b/it' tried instead on input line 329.


[19

]

[20

]
warning  (pdf backend): ignoring duplicate destination with the name 'bnumcounter.1'

warning  (pdf backend): ignoring duplicate destination with the name 'bnumcounter.2'

warning  (pdf backend): ignoring duplicate destination with the name 'bnumcounter.3'

warning  (pdf backend): ignoring duplicate destination with the name 'bnumcounter.4'

warning  (pdf backend): ignoring duplicate destination with the name 'bnumcounter.5'


[21


]
warning  (pdf backend): ignoring duplicate destination with the name 'bnumcounter.1'

warning  (pdf backend): ignoring duplicate destination with the name 'bnumcounter.2'

warning  (pdf backend): ignoring duplicate destination with the name 'bnumcounter.3'

warning  (pdf backend): ignoring duplicate destination with the name 'bnumcounter.4'

warning  (pdf backend): ignoring duplicate destination with the name 'bnumcounter.5'

warning  (pdf backend): ignoring duplicate destination with the name 'bnumcounter.1'

warning  (pdf backend): ignoring duplicate destination with the name 'bnumcounter.2'

warning  (pdf backend): ignoring duplicate destination with the name 'bnumcounter.3'

warning  (pdf backend): ignoring duplicate destination with the name 'bnumcounter.4'


[22

]) (../chapters/18/./section05.tex
<../chapters/18/figures/gas_in_a_piston_and_heat_transfer.png, id=517, 251.43938pt x 263.48438pt>
File: ../chapters/18/figures/gas_in_a_piston_and_heat_transfer.png Graphic file (type png)
<use ../chapters/18/figures/gas_in_a_piston_and_heat_transfer.png>
Package luatex.def Info: ../chapters/18/figures/gas_in_a_piston_and_heat_transfer.png  used on input line 13.
(luatex.def)             Requested size: 150.86478pt x 158.09183pt.
<../chapters/18/figures/work_in_a_state_change_a.png, id=519, 152.82094pt x 137.7647pt>
File: ../chapters/18/figures/work_in_a_state_change_a.png Graphic file (type png)
<use ../chapters/18/figures/work_in_a_state_change_a.png>
Package luatex.def Info: ../chapters/18/figures/work_in_a_state_change_a.png  used on input line 28.
(luatex.def)             Requested size: 85.57912pt x 77.14769pt.
<../chapters/18/figures/work_in_a_state_change_b.png, id=520, 160.34906pt x 153.57375pt>
File: ../chapters/18/figures/work_in_a_state_change_b.png Graphic file (type png)
<use ../chapters/18/figures/work_in_a_state_change_b.png>
Package luatex.def Info: ../chapters/18/figures/work_in_a_state_change_b.png  used on input line 28.
(luatex.def)             Requested size: 89.79485pt x 86.0007pt.
<../chapters/18/figures/work_in_a_state_change_c.png, id=521, 158.09062pt x 153.57375pt>
File: ../chapters/18/figures/work_in_a_state_change_c.png Graphic file (type png)
<use ../chapters/18/figures/work_in_a_state_change_c.png>
Package luatex.def Info: ../chapters/18/figures/work_in_a_state_change_c.png  used on input line 28.
(luatex.def)             Requested size: 88.53014pt x 86.0007pt.
<../chapters/18/figures/work_in_a_state_change_d.png, id=522, 140.02313pt x 173.89969pt>
File: ../chapters/18/figures/work_in_a_state_change_d.png Graphic file (type png)
<use ../chapters/18/figures/work_in_a_state_change_d.png>
Package luatex.def Info: ../chapters/18/figures/work_in_a_state_change_d.png  used on input line 28.
(luatex.def)             Requested size: 78.41241pt x 97.38315pt.
<../chapters/18/figures/work_in_a_state_change_e.png, id=523, 161.10187pt x 173.89969pt>
File: ../chapters/18/figures/work_in_a_state_change_e.png Graphic file (type png)
<use ../chapters/18/figures/work_in_a_state_change_e.png>
Package luatex.def Info: ../chapters/18/figures/work_in_a_state_change_e.png  used on input line 28.
(luatex.def)             Requested size: 90.21642pt x 97.38315pt.
<../chapters/18/figures/work_in_a_state_change_f.png, id=524, 149.05687pt x 188.95593pt>
File: ../chapters/18/figures/work_in_a_state_change_f.png Graphic file (type png)
<use ../chapters/18/figures/work_in_a_state_change_f.png>
Package luatex.def Info: ../chapters/18/figures/work_in_a_state_change_f.png  used on input line 28.
(luatex.def)             Requested size: 83.47127pt x 105.81459pt.



warning  (pdf backend): ignoring duplicate destination with the name 'page.21'
[21


<../chapters/18/figures/gas_in_a_piston_and_heat_transfer.png>]
<../chapters/18/figures/six_thermodynamic_paths_on_a_pv_diagram.png, id=536, 194.22563pt x 134.00063pt>
File: ../chapters/18/figures/six_thermodynamic_paths_on_a_pv_diagram.png Graphic file (type png)
<use ../chapters/18/figures/six_thermodynamic_paths_on_a_pv_diagram.png>
Package luatex.def Info: ../chapters/18/figures/six_thermodynamic_paths_on_a_pv_diagram.png  used on input line 48.
(luatex.def)             Requested size: 116.53627pt x 80.40097pt.

warning  (pdf backend): ignoring duplicate destination with the name 'bnumcounter.1'

warning  (pdf backend): ignoring duplicate destination with the name 'bnumcounter.2'

warning  (pdf backend): ignoring duplicate destination with the name 'bnumcounter.3'



warning  (pdf backend): ignoring duplicate destination with the name 'page.22'
[22<../chapters/18/figures/work_in_a_state_change_a.png><../chapters/18/figures/work_in_a_state_change_b.png><../chapters/18/figures/work_in_a_state_change_c.png><../chapters/18/figures/work_in_a_state_change_d.png><../chapters/18/figures/work_in_a_state_change_e.png><../chapters/18/figures/work_in_a_state_change_f.png><../chapters/18/figures/six_thermodynamic_paths_on_a_pv_diagram.png>]
<../chapters/18/figures/four_thermodynamic_paths_on_a_pv_diagram.png, id=551, 170.13562pt x 156.585pt>
File: ../chapters/18/figures/four_thermodynamic_paths_on_a_pv_diagram.png Graphic file (type png)
<use ../chapters/18/figures/four_thermodynamic_paths_on_a_pv_diagram.png>
Package luatex.def Info: ../chapters/18/figures/four_thermodynamic_paths_on_a_pv_diagram.png  used on input line 92.
(luatex.def)             Requested size: 102.08215pt x 93.95172pt.

warning  (pdf backend): ignoring duplicate destination with the name 'bnumcounter.1'

warning  (pdf backend): ignoring duplicate destination with the name 'bnumcounter.2'

warning  (pdf backend): ignoring duplicate destination with the name 'bnumcounter.3'


[23<../chapters/18/figures/four_thermodynamic_paths_on_a_pv_diagram.png>]
<../chapters/18/figures/adiabatic_expansion.png, id=565, 190.46156pt x 282.30469pt>
File: ../chapters/18/figures/adiabatic_expansion.png Graphic file (type png)
<use ../chapters/18/figures/adiabatic_expansion.png>
Package luatex.def Info: ../chapters/18/figures/adiabatic_expansion.png  used on input line 126.
(luatex.def)             Requested size: 114.2778pt x 169.38411pt.


[24<../chapters/18/figures/adiabatic_expansion.png>]
<../chapters/18/figures/free_expansion.png, id=577, 218.31563pt x 178.41656pt>
File: ../chapters/18/figures/free_expansion.png Graphic file (type png)
<use ../chapters/18/figures/free_expansion.png>
Package luatex.def Info: ../chapters/18/figures/free_expansion.png  used on input line 141.
(luatex.def)             Requested size: 130.99037pt x 107.05075pt.
<../chapters/18/figures/example_of_a_pv_cycle.png, id=579, 127.97812pt x 73.77562pt>
File: ../chapters/18/figures/example_of_a_pv_cycle.png Graphic file (type png)
<use ../chapters/18/figures/example_of_a_pv_cycle.png>
Package luatex.def Info: ../chapters/18/figures/example_of_a_pv_cycle.png  used on input line 154.
(luatex.def)             Requested size: 76.78745pt x 44.2657pt.

warning  (pdf backend): ignoring duplicate destination with the name 'bnumcounter.1'

warning  (pdf backend): ignoring duplicate destination with the name 'bnumcounter.2'

warning  (pdf backend): ignoring duplicate destination with the name 'bnumcounter.3'
<../chapters/18/figures/boiling_water_at_constant_pressure.png, id=580, 251.43938pt x 264.23718pt>
File: ../chapters/18/figures/boiling_water_at_constant_pressure.png Graphic file (type png)
<use ../chapters/18/figures/boiling_water_at_constant_pressure.png>
Package luatex.def Info: ../chapters/18/figures/boiling_water_at_constant_pressure.png  used on input line 175.
(luatex.def)             Requested size: 150.86478pt x 158.54352pt.


[25<../chapters/18/figures/free_expansion.png><../chapters/18/figures/example_of_a_pv_cycle.png>]

[26<../chapters/18/figures/boiling_water_at_constant_pressure.png>]) (../chapters/18/./section06.tex
<../chapters/18/figures/thermal_conduction.png, id=605, 188.20313pt x 195.73125pt>
File: ../chapters/18/figures/thermal_conduction.png Graphic file (type png)
<use ../chapters/18/figures/thermal_conduction.png>
Package luatex.def Info: ../chapters/18/figures/thermal_conduction.png  used on input line 18.
(luatex.def)             Requested size: 112.92273pt x 117.43964pt.


[27

<../chapters/18/figures/thermal_conduction.png>]
<../chapters/18/figures/thermal_conduction_through_a_composite_slab.png, id=619, 281.55188pt x 242.40562pt>
File: ../chapters/18/figures/thermal_conduction_through_a_composite_slab.png Graphic file (type png)
<use ../chapters/18/figures/thermal_conduction_through_a_composite_slab.png>
Package luatex.def Info: ../chapters/18/figures/thermal_conduction_through_a_composite_slab.png  used on input line 42.
(luatex.def)             Requested size: 168.93242pt x 145.44447pt.


[28]
<../chapters/18/figures/composite_slab_composed_of_four_materials.png, id=632, 304.13625pt x 59.47218pt>
File: ../chapters/18/figures/composite_slab_composed_of_four_materials.png Graphic file (type png)
<use ../chapters/18/figures/composite_slab_composed_of_four_materials.png>
Package luatex.def Info: ../chapters/18/figures/composite_slab_composed_of_four_materials.png  used on input line 62.
(luatex.def)             Requested size: 182.48315pt x 35.68358pt.

warning  (pdf backend): ignoring duplicate destination with the name 'bnumcounter.1'

warning  (pdf backend): ignoring duplicate destination with the name 'bnumcounter.2'

warning  (pdf backend): ignoring duplicate destination with the name 'bnumcounter.3'


[29<../chapters/18/figures/thermal_conduction_through_a_composite_slab.png><../chapters/18/figures/composite_slab_composed_of_four_materials.png>]
<../chapters/18/figures/false_color_thermogram.png, id=646, 274.77657pt x 245.41687pt>
File: ../chapters/18/figures/false_color_thermogram.png Graphic file (type png)
<use ../chapters/18/figures/false_color_thermogram.png>
Package luatex.def Info: ../chapters/18/figures/false_color_thermogram.png  used on input line 96.
(luatex.def)             Requested size: 164.8672pt x 147.25125pt.
<../chapters/18/figures/thermal_radiation_detection_in_a_rattlesnake.png, id=648, 344.03531pt x 205.5178pt>
File: ../chapters/18/figures/thermal_radiation_detection_in_a_rattlesnake.png Graphic file (type png)
<use ../chapters/18/figures/thermal_radiation_detection_in_a_rattlesnake.png>
Package luatex.def Info: ../chapters/18/figures/thermal_radiation_detection_in_a_rattlesnake.png  used on input line 110.
(luatex.def)             Requested size: 206.42278pt x 123.31163pt.


[30<../chapters/18/figures/false_color_thermogram.png><../chapters/18/figures/thermal_radiation_detection_in_a_rattlesnake.png>]
<../chapters/18/figures/steady_state_heat_transfer_through_a_wall.png, id=665, 396.7322pt x 197.23688pt>
File: ../chapters/18/figures/steady_state_heat_transfer_through_a_wall.png Graphic file (type png)
<use ../chapters/18/figures/steady_state_heat_transfer_through_a_wall.png>
Package luatex.def Info: ../chapters/18/figures/steady_state_heat_transfer_through_a_wall.png  used on input line 117.
(luatex.def)             Requested size: 238.04114pt x 118.34302pt.
)) (../chapters/19/chapter.tex

[31

<../chapters/18/figures/steady_state_heat_transfer_through_a_wall.png>]

[32

]
Chapter 19.
(../chapters/19/tables.tex) (../chapters/19/figures.tex) (../chapters/19/./section01.tex

[33]

[34]

[35]

[36]
LaTeX Font Info:    Font shape `TU/UnBatang(0)/bx/n' in size <8> not available
(Font)              Font shape `TU/UnBatang(0)/b/n' tried instead on input line 196.
LaTeX Font Info:    Font shape `TU/UnBatang(0)/bx/n' in size <6> not available
(Font)              Font shape `TU/UnBatang(0)/b/n' tried instead on input line 196.


[37]

[38])) (../chapters/20/chapter.tex

[39]

[40

]
Chapter 20.
(../chapters/20/tables.tex) (../chapters/20/figures.tex) (../chapters/20/./section01.tex

[41]

[42]

[43]))

[44]

[45

]

[46

] (./main.aux)
 ***********
LaTeX2e <2025-06-01> patch level 1
L3 programming layer <2025-05-26>
 ***********
Package rerunfilecheck Info: File `main.out' has not changed.
(rerunfilecheck)             Checksum: 248882D9B0459CFD756C77B3FAE4659C;4549.
)

Here is how much of LuaTeX's memory you used:
 41956 strings out of 470203
 195333,1648299 words of node,token memory allocated
 15086 words of node memory still in use:
   31 hlist, 2 vlist, 22 rule, 15 glue, 4 kern, 1 glyph, 5536 attribute, 66 glue_spec, 1413 attribute_list, 3 write, 3 user_defined, 48 pdf_literal nodes
   avail lists: 2:26553,3:3328,4:39,5:564,6:104,7:10773,8:68,9:1771,10:34,11:218
 68156 multiletter control sequences out of 65536+600000
 107 fonts using 90085215 bytes
 98i,16n,101p,827b,1209s stack positions out of 10000i,1000n,20000p,200000b,200000s
<c:/Program Files/texlive/2025/texmf-dist/fonts/opentype/public/lm/lmroman12-regular.otf><c:/Program Files/texlive/2025/texmf-dist/fonts/opentype/public/lm/lmroman8-bold.otf><c:/Program Files/texlive/2025/texmf-dist/fonts/opentype/public/lm/lmroman5-bold.otf><c:/Program Files/texlive/2025/texmf-dist/fonts/opentype/public/lm/lmroman5-regular.otf><c:/Program Files/texlive/2025/texmf-dist/fonts/truetype/public/unfonts-core/UnBatangBold.ttf><c:/Program Files/texlive/2025/texmf-dist/fonts/opentype/public/lm/lmroman10-bolditalic.otf><c:/Program Files/texlive/2025/texmf-dist/fonts/opentype/public/lm/lmroman10-italic.otf><c:/Program Files/texlive/2025/texmf-dist/fonts/opentype/public/lm/lmroman9-regular.otf><c:/Program Files/texlive/2025/texmf-dist/fonts/opentype/public/lm/lmroman7-regular.otf><c:/Program Files/texlive/2025/texmf-dist/fonts/opentype/public/lm/lmroman10-bold.otf><c:/Program Files/texlive/2025/texmf-dist/fonts/opentype/public/lm/lmroman7-bold.otf><c:/Program Files/texlive/2025/texmf-dist/fonts/opentype/public/lm/lmroman10-regular.otf><c:/Program Files/texlive/2025/texmf-dist/fonts/truetype/public/unfonts-core/UnBatang.ttf><c:/Program Files/texlive/2025/texmf-dist/fonts/opentype/public/lm/lmroman12-bold.otf><c:/Program Files/texlive/2025/texmf-dist/fonts/type1/public/amsfonts/cm/cmex10.pfb><c:/Program Files/texlive/2025/texmf-dist/fonts/type1/public/amsfonts/cmextra/cmex7.pfb><c:/Program Files/texlive/2025/texmf-dist/fonts/type1/public/amsfonts/cm/cmmi10.pfb><c:/Program Files/texlive/2025/texmf-dist/fonts/type1/public/amsfonts/cm/cmmi12.pfb><c:/Program Files/texlive/2025/texmf-dist/fonts/type1/public/amsfonts/cm/cmmi5.pfb><c:/Program Files/texlive/2025/texmf-dist/fonts/type1/public/amsfonts/cm/cmmi7.pfb><c:/Program Files/texlive/2025/texmf-dist/fonts/type1/public/amsfonts/cm/cmr10.pfb><c:/Program Files/texlive/2025/texmf-dist/fonts/type1/public/amsfonts/cm/cmr5.pfb><c:/Program Files/texlive/2025/texmf-dist/fonts/type1/public/amsfonts/cm/cmr7.pfb><c:/Program Files/texlive/2025/texmf-dist/fonts/type1/public/amsfonts/cm/cmsy10.pfb><c:/Program Files/texlive/2025/texmf-dist/fonts/type1/public/amsfonts/cm/cmsy5.pfb><c:/Program Files/texlive/2025/texmf-dist/fonts/type1/public/amsfonts/cm/cmsy7.pfb>
Output written on main.pdf (54 pages, 2245948 bytes).

PDF statistics: 1026 PDF objects out of 1200 (max. 8388607)
 808 compressed objects within 9 object streams
 301 named destinations out of 1000 (max. 131072)
 432 words of extra memory for PDF output out of 10000 (max. 100000000)

