\BOOKMARK [0][-]{chapter.1}{\376\377\314\125\321\060\000\040\260\264\306\251\000\040\307\221\301\061}{}% 1
\BOOKMARK [1][-]{section.1.1}{\376\377\307\040\326\250\302\053\307\220\267\200\000\040\273\064\305\307\307\170\254\000}{chapter.1}% 2
\BOOKMARK [1][-]{section.1.2}{\376\377\325\131\302\265\000\040\323\354\307\170\322\270\000\040\310\025\271\254}{chapter.1}% 3
\BOOKMARK [1][-]{section.1.3}{\376\377\325\131\302\265\000\040\326\134\263\331\000\040\306\010\302\334}{chapter.1}% 4
\BOOKMARK [0][-]{chapter.2}{\376\377\301\034\270\140}{}% 5
\BOOKMARK [1][-]{section.2.1}{\376\377\305\360\255\154\307\130\000\040\274\060\254\275\254\374\000\040\272\251\310\001}{chapter.2}% 6
\BOOKMARK [1][-]{section.2.2}{\376\377\301\040\325\211\000\040\305\360\255\154}{chapter.2}% 7
\BOOKMARK [1][-]{section.2.3}{\376\377\305\360\255\154\000\040\260\264\306\251\000\040\254\034\306\224}{chapter.2}% 8
\BOOKMARK [1][-]{section.2.4}{\376\377\307\040\326\250\302\053\307\220\000\040\314\230\271\254\000\040\306\224\305\175}{chapter.2}% 9
\BOOKMARK [0][-]{chapter.3}{\376\377\305\360\302\265}{}% 10
\BOOKMARK [1][-]{section.3.1}{\376\377\314\253\000\040\274\210\311\370\000\040\305\360\302\265}{chapter.3}% 11
\BOOKMARK [1][-]{section.3.2}{\376\377\264\120\000\040\274\210\311\370\000\040\305\360\302\265\307\100\000\040\0003\000.\0001\000\040\314\230\267\374\000\040\264\344\305\264\254\020\000\040\000-\000\040\323\230\307\164\311\300\271\310\262\344\000\040\267\050\256\060\263\304\000\040\325\150}{chapter.3}% 12
\BOOKMARK [2][-]{subsection.3.2.1}{\376\377\307\164\254\164\000\040\0003\000.\0001\000.\0001\000\040\314\230\267\374\000\040\264\344\305\264\254\020\000\040\305\354\256\060\256\114\311\300\000\040\272\251\314\050\000\040\310\025\271\254\264\050}{section.3.2}% 13
\BOOKMARK [2][-]{subsection.3.2.2}{\376\377\324\134\000\040\310\025\271\254}{section.3.2}% 14
\BOOKMARK [2][-]{subsection.3.2.3}{\376\377\324\134\307\130\000\040\254\260\270\140}{section.3.2}% 15
\BOOKMARK [0][-]{chapter.4}{\376\377\256\060\314\264\306\264\263\331\270\140}{}% 16
\BOOKMARK [1][-]{section.4.1}{\376\377\000A\000v\000o\000g\000a\000d\000r\000o\000\040\302\030}{chapter.4}% 17
\BOOKMARK [2][-]{subsection.4.1.1}{\376\377\306\010\302\334}{section.4.1}% 18
\BOOKMARK [1][-]{section.4.2}{\376\377\307\164\300\301\256\060\314\264}{chapter.4}% 19
\BOOKMARK [1][-]{section.4.3}{\376\377\305\125\270\045\000,\000\040\306\050\263\304\000\040\274\017\000\040\310\034\254\361\323\311\255\340\310\034\254\361\255\374\000\040\301\215\270\045}{chapter.4}% 20
\BOOKMARK [1][-]{section.4.4}{\376\377\274\321\311\304\000\040\306\264\263\331\305\320\261\010\311\300}{chapter.4}% 21
\BOOKMARK [1][-]{section.4.5}{\376\377\323\311\255\340\307\220\307\040\254\160\271\254}{chapter.4}% 22
\BOOKMARK [1][-]{section.4.6}{\376\377\275\204\307\220\307\130\000\040\301\215\270\045\000\040\275\204\323\354}{chapter.4}% 23
\BOOKMARK [1][-]{section.4.7}{\376\377\307\164\300\301\256\060\314\264\307\130\000\040\272\260\276\104\305\364}{chapter.4}% 24
\BOOKMARK [1][-]{section.4.8}{\376\377\307\220\307\040\263\304\306\100\000\040\272\260\276\104\305\364}{chapter.4}% 25
\BOOKMARK [1][-]{section.4.9}{\376\377\307\164\300\301\256\060\314\264\307\130\000\040\262\350\305\364\323\075\314\075}{chapter.4}% 26
\BOOKMARK [0][-]{appendix.A}{\376\377\302\344\325\330\000\040\274\051\274\225\000\040\306\224\305\175}{}% 27
\BOOKMARK [0][-]{appendix.B}{\376\377\307\220\270\314\000\040\325\164\301\035}{}% 28
\BOOKMARK [0][-]{appendix.C}{\376\377\306\010\302\334\307\220\270\314}{}% 29
